[2017-09-13 23:32:41,816] multiqc                                            [DEBUG  ]  No MultiQC config found: /usr/local/lib/python2.7/dist-packages/multiqc_config.yaml
[2017-09-13 23:32:41,816] multiqc                                            [DEBUG  ]  No MultiQC config found: /home/mark/.multiqc_config.yaml
[2017-09-13 23:32:41,816] multiqc                                            [DEBUG  ]  No MultiQC config found: multiqc_config.yaml
[2017-09-13 23:32:41,817] multiqc                                            [DEBUG  ]  Loading config settings from: /home/mark/gitstage/uderica/nordqiime/multiqc_config.yaml
[2017-09-13 23:32:41,817] multiqc                                            [DEBUG  ]  New config 'read_count_prefix': K
[2017-09-13 23:32:41,817] multiqc                                            [DEBUG  ]  New config 'read_count_multiplier': 0.001
[2017-09-13 23:32:41,818] multiqc                                            [DEBUG  ]  New config 'read_count_desc': thousands
[2017-09-13 23:32:41,818] multiqc                                            [DEBUG  ]  Command used: /usr/local/bin/multiqc --config /home/mark/gitstage/uderica/nordqiime/multiqc_config.yaml /home/mark/gitstage/uderica/nordqiime/V-HMC/Fungi/fungi_raw_data/extendedFrags/ -o /home/mark/gitstage/uderica/nordqiime/V-HMC/Fungi/fungi_raw_data/extendedFrags/
[2017-09-13 23:32:42,249] multiqc                                            [WARNING]  MultiQC Version v1.2 now available!
[2017-09-13 23:32:42,249] multiqc                                            [INFO   ]  This is MultiQC v1.1
[2017-09-13 23:32:42,249] multiqc                                            [DEBUG  ]  Command     : /usr/local/bin/multiqc --config /home/mark/gitstage/uderica/nordqiime/multiqc_config.yaml /home/mark/gitstage/uderica/nordqiime/V-HMC/Fungi/fungi_raw_data/extendedFrags/ -o /home/mark/gitstage/uderica/nordqiime/V-HMC/Fungi/fungi_raw_data/extendedFrags/
[2017-09-13 23:32:42,249] multiqc                                            [DEBUG  ]  Working dir : /home/mark/gitstage/turbo
[2017-09-13 23:32:42,249] multiqc                                            [INFO   ]  Template    : default
[2017-09-13 23:32:42,250] multiqc                                            [INFO   ]  Searching '/home/mark/gitstage/uderica/nordqiime/V-HMC/Fungi/fungi_raw_data/extendedFrags/'
[2017-09-13 23:32:42,250] multiqc                                            [DEBUG  ]  Analysing modules: custom_content, conpair, peddy, methylQA, qualimap, preseq, quast, qorts, rna_seqc, rseqc, busco, goleft_indexcov, disambiguate, homer, macs2, theta2, snpeff, gatk, htseq, bcftools, featureCounts, picard, prokka, samblaster, samtools, bamtools, jellyfish, bismark, hicup, salmon, kallisto, slamdunk, star, hisat2, tophat, bowtie2, bowtie1, adapterRemoval, cutadapt, flexbar, trimmomatic, skewer, sortmerna, biobloomtools, fastq_screen, fastqc, clusterflow
[2017-09-13 23:32:42,251] multiqc                                            [DEBUG  ]  Using temporary directory for creating report: /tmp/tmpKgC4WX
[2017-09-13 23:32:42,296] multiqc                                            [DEBUG  ]  Ignoring file as matched an ignore pattern: 1016.notCombined_2.fastq
[2017-09-13 23:32:42,322] multiqc                                            [DEBUG  ]  Ignoring file as matched an ignore pattern: 458.extendedFrags_fastqc.html
[2017-09-13 23:32:42,322] multiqc                                            [DEBUG  ]  Ignoring file as matched an ignore pattern: 427.notCombined_1.fastq
[2017-09-13 23:32:42,323] multiqc                                            [DEBUG  ]  Ignoring file as matched an ignore pattern: 457.extendedFrags.fastq
[2017-09-13 23:32:42,324] multiqc                                            [DEBUG  ]  Ignoring file as matched an ignore pattern: 437.notCombined_2.fastq
[2017-09-13 23:32:42,324] multiqc                                            [DEBUG  ]  Ignoring file as matched an ignore pattern: 1035.notCombined_1.fastq
[2017-09-13 23:32:42,324] multiqc                                            [DEBUG  ]  Ignoring file as matched an ignore pattern: 441.notCombined_1.fastq
[2017-09-13 23:32:42,324] multiqc                                            [DEBUG  ]  Ignoring file as matched an ignore pattern: 431.extendedFrags.fastq
[2017-09-13 23:32:42,329] multiqc                                            [DEBUG  ]  Ignoring file as matched an ignore pattern: 431.notCombined_2.fastq
[2017-09-13 23:32:42,329] multiqc                                            [DEBUG  ]  Ignoring file as matched an ignore pattern: 839.extendedFrags_fastqc.html
[2017-09-13 23:32:42,355] multiqc                                            [DEBUG  ]  Ignoring file as matched an ignore pattern: 451.notCombined_1.fastq
[2017-09-13 23:32:42,355] multiqc                                            [DEBUG  ]  Ignoring file as matched an ignore pattern: 1016.extendedFrags_fastqc.html
[2017-09-13 23:32:42,355] multiqc                                            [DEBUG  ]  Ignoring file as matched an ignore pattern: 451.notCombined_2.fastq
[2017-09-13 23:32:42,369] multiqc                                            [DEBUG  ]  Ignoring file as matched an ignore pattern: 431.extendedFrags_fastqc.html
[2017-09-13 23:32:42,386] multiqc                                            [DEBUG  ]  Ignoring file as matched an ignore pattern: 1033.notCombined_2.fastq
[2017-09-13 23:32:42,386] multiqc                                            [DEBUG  ]  Ignoring file as matched an ignore pattern: 1140.notCombined_1.fastq
[2017-09-13 23:32:42,404] multiqc                                            [DEBUG  ]  Ignoring file as matched an ignore pattern: 1158.notCombined_2.fastq
[2017-09-13 23:32:42,404] multiqc                                            [DEBUG  ]  Ignoring file as matched an ignore pattern: 1040.notCombined_2.fastq
[2017-09-13 23:32:42,412] multiqc                                            [DEBUG  ]  Ignoring file as matched an ignore pattern: 838.extendedFrags.fastq
[2017-09-13 23:32:42,412] multiqc                                            [DEBUG  ]  Ignoring file as matched an ignore pattern: 1024.extendedFrags_fastqc.html
[2017-09-13 23:32:42,416] multiqc                                            [DEBUG  ]  Ignoring file as matched an ignore pattern: 440.notCombined_1.fastq
[2017-09-13 23:32:42,434] multiqc                                            [DEBUG  ]  Ignoring file as matched an ignore pattern: 425.extendedFrags_fastqc.html
[2017-09-13 23:32:42,434] multiqc                                            [DEBUG  ]  Ignoring file as matched an ignore pattern: 1155.extendedFrags.fastq
[2017-09-13 23:32:42,434] multiqc                                            [DEBUG  ]  Ignoring file as matched an ignore pattern: 439.extendedFrags_fastqc.html
[2017-09-13 23:32:42,434] multiqc                                            [DEBUG  ]  Ignoring file as matched an ignore pattern: 1033.extendedFrags.fastq
[2017-09-13 23:32:42,434] multiqc                                            [DEBUG  ]  Ignoring file as matched an ignore pattern: 457.notCombined_1.fastq
[2017-09-13 23:32:42,435] multiqc                                            [DEBUG  ]  Ignoring file as matched an ignore pattern: 1153.extendedFrags.fastq
[2017-09-13 23:32:42,435] multiqc                                            [DEBUG  ]  Ignoring file as matched an ignore pattern: 1155.notCombined_2.fastq
[2017-09-13 23:32:42,435] multiqc                                            [DEBUG  ]  Ignoring file as matched an ignore pattern: 430.notCombined_1.fastq
[2017-09-13 23:32:42,435] multiqc                                            [DEBUG  ]  Ignoring file as matched an ignore pattern: 832.extendedFrags_fastqc.html
[2017-09-13 23:32:42,435] multiqc                                            [DEBUG  ]  Ignoring file as matched an ignore pattern: 1032.notCombined_2.fastq
[2017-09-13 23:32:42,435] multiqc                                            [DEBUG  ]  Ignoring file as matched an ignore pattern: 760.notCombined_1.fastq
[2017-09-13 23:32:42,443] multiqc                                            [DEBUG  ]  Ignoring file as matched an ignore pattern: 441.extendedFrags_fastqc.html
[2017-09-13 23:32:42,471] multiqc                                            [DEBUG  ]  Ignoring file as matched an ignore pattern: 458.notCombined_1.fastq
[2017-09-13 23:32:42,471] multiqc                                            [DEBUG  ]  Ignoring file as matched an ignore pattern: 437.extendedFrags_fastqc.html
[2017-09-13 23:32:42,486] multiqc                                            [DEBUG  ]  Ignoring file as matched an ignore pattern: 1034.extendedFrags.fastq
[2017-09-13 23:32:42,487] multiqc                                            [DEBUG  ]  Ignoring file as matched an ignore pattern: 844.notCombined_1.fastq
[2017-09-13 23:32:42,487] multiqc                                            [DEBUG  ]  Ignoring file as matched an ignore pattern: 1018.notCombined_2.fastq
[2017-09-13 23:32:42,487] multiqc                                            [DEBUG  ]  Ignoring file as matched an ignore pattern: 440.extendedFrags_fastqc.html
[2017-09-13 23:32:42,506] multiqc                                            [DEBUG  ]  Ignoring file as matched an ignore pattern: 1032.extendedFrags_fastqc.html
[2017-09-13 23:32:42,506] multiqc                                            [DEBUG  ]  Ignoring file as matched an ignore pattern: 441.notCombined_2.fastq
[2017-09-13 23:32:42,510] multiqc                                            [DEBUG  ]  Ignoring file as matched an ignore pattern: 838.notCombined_2.fastq
[2017-09-13 23:32:42,510] multiqc                                            [DEBUG  ]  Ignoring file as matched an ignore pattern: 759.notCombined_2.fastq
[2017-09-13 23:32:42,510] multiqc                                            [DEBUG  ]  Ignoring file as matched an ignore pattern: 1031.extendedFrags_fastqc.html
[2017-09-13 23:32:42,527] multiqc                                            [DEBUG  ]  Ignoring file as matched an ignore pattern: 1140.notCombined_2.fastq
[2017-09-13 23:32:42,527] multiqc                                            [DEBUG  ]  Ignoring file as matched an ignore pattern: 1140.extendedFrags_fastqc.html
[2017-09-13 23:32:42,544] multiqc                                            [DEBUG  ]  Ignoring file as matched an ignore pattern: 833.notCombined_1.fastq
[2017-09-13 23:32:42,544] multiqc                                            [DEBUG  ]  Ignoring file as matched an ignore pattern: 836.notCombined_2.fastq
[2017-09-13 23:32:42,544] multiqc                                            [DEBUG  ]  Ignoring file as matched an ignore pattern: 1139.extendedFrags.fastq
[2017-09-13 23:32:42,544] multiqc                                            [DEBUG  ]  Ignoring file as matched an ignore pattern: 1142.notCombined_2.fastq
[2017-09-13 23:32:42,544] multiqc                                            [DEBUG  ]  Ignoring file as matched an ignore pattern: 841.extendedFrags_fastqc.html
[2017-09-13 23:32:42,563] multiqc                                            [DEBUG  ]  Ignoring file as matched an ignore pattern: 761.notCombined_2.fastq
[2017-09-13 23:32:42,604] multiqc                                            [DEBUG  ]  Ignoring file as matched an ignore pattern: 1020.extendedFrags_fastqc.html
[2017-09-13 23:32:42,616] multiqc                                            [DEBUG  ]  Ignoring file as matched an ignore pattern: 447.notCombined_2.fastq
[2017-09-13 23:32:42,616] multiqc                                            [DEBUG  ]  Ignoring file as matched an ignore pattern: 1016.notCombined_1.fastq
[2017-09-13 23:32:42,628] multiqc                                            [DEBUG  ]  Ignoring file as matched an ignore pattern: 1024.notCombined_2.fastq
[2017-09-13 23:32:42,674] multiqc                                            [DEBUG  ]  Ignoring file as matched an ignore pattern: 1154.notCombined_2.fastq
[2017-09-13 23:32:42,707] multiqc                                            [DEBUG  ]  Ignoring file as matched an ignore pattern: 837.extendedFrags.fastq
[2017-09-13 23:32:42,707] multiqc                                            [DEBUG  ]  Ignoring file as matched an ignore pattern: 450.extendedFrags_fastqc.html
[2017-09-13 23:32:42,707] multiqc                                            [DEBUG  ]  Ignoring file as matched an ignore pattern: 1162.extendedFrags.fastq
[2017-09-13 23:32:42,718] multiqc                                            [DEBUG  ]  Ignoring file as matched an ignore pattern: 1156.notCombined_1.fastq
[2017-09-13 23:32:42,718] multiqc                                            [DEBUG  ]  Ignoring file as matched an ignore pattern: 1020.notCombined_1.fastq
[2017-09-13 23:32:42,718] multiqc                                            [DEBUG  ]  Ignoring file as matched an ignore pattern: 447.extendedFrags.fastq
[2017-09-13 23:32:42,718] multiqc                                            [DEBUG  ]  Ignoring file as matched an ignore pattern: 424.extendedFrags.fastq
[2017-09-13 23:32:42,722] multiqc                                            [DEBUG  ]  Ignoring file as matched an ignore pattern: 1138.extendedFrags_fastqc.html
[2017-09-13 23:32:42,723] multiqc                                            [DEBUG  ]  Ignoring file as matched an ignore pattern: 1035.extendedFrags_fastqc.html
[2017-09-13 23:32:42,723] multiqc                                            [DEBUG  ]  Ignoring file as matched an ignore pattern: 432.extendedFrags.fastq
[2017-09-13 23:32:42,723] multiqc                                            [DEBUG  ]  Ignoring file as matched an ignore pattern: 1034.extendedFrags_fastqc.html
[2017-09-13 23:32:42,723] multiqc                                            [DEBUG  ]  Ignoring file as matched an ignore pattern: 425.notCombined_2.fastq
[2017-09-13 23:32:42,723] multiqc                                            [DEBUG  ]  Ignoring file as matched an ignore pattern: 1157.extendedFrags_fastqc.html
[2017-09-13 23:32:42,723] multiqc                                            [DEBUG  ]  Ignoring file as matched an ignore pattern: 838.notCombined_1.fastq
[2017-09-13 23:32:42,729] multiqc                                            [DEBUG  ]  Ignoring file as matched an ignore pattern: 425.notCombined_1.fastq
[2017-09-13 23:32:42,729] multiqc                                            [DEBUG  ]  Ignoring file as matched an ignore pattern: 424.notCombined_1.fastq
[2017-09-13 23:32:42,746] multiqc                                            [DEBUG  ]  Ignoring file as matched an ignore pattern: 842.extendedFrags.fastq
[2017-09-13 23:32:42,746] multiqc                                            [DEBUG  ]  Ignoring file as matched an ignore pattern: 1139.notCombined_2.fastq
[2017-09-13 23:32:42,746] multiqc                                            [DEBUG  ]  Ignoring file as matched an ignore pattern: 1032.extendedFrags.fastq
[2017-09-13 23:32:42,747] multiqc                                            [DEBUG  ]  Ignoring file as matched an ignore pattern: 1017.notCombined_1.fastq
[2017-09-13 23:32:42,747] multiqc                                            [DEBUG  ]  Ignoring file as matched an ignore pattern: 1033.notCombined_1.fastq
[2017-09-13 23:32:42,789] multiqc                                            [DEBUG  ]  Ignoring file as matched an ignore pattern: 435.extendedFrags_fastqc.html
[2017-09-13 23:32:42,789] multiqc                                            [DEBUG  ]  Ignoring file as matched an ignore pattern: 841.notCombined_2.fastq
[2017-09-13 23:32:42,802] multiqc                                            [DEBUG  ]  Ignoring file as matched an ignore pattern: 449.notCombined_1.fastq
[2017-09-13 23:32:42,802] multiqc                                            [DEBUG  ]  Ignoring file as matched an ignore pattern: 844.extendedFrags_fastqc.html
[2017-09-13 23:32:42,856] multiqc                                            [DEBUG  ]  Ignoring file as matched an ignore pattern: 426.extendedFrags_fastqc.html
[2017-09-13 23:32:42,856] multiqc                                            [DEBUG  ]  Ignoring file as matched an ignore pattern: 429.extendedFrags.fastq
[2017-09-13 23:32:42,856] multiqc                                            [DEBUG  ]  Ignoring file as matched an ignore pattern: 432.extendedFrags_fastqc.html
[2017-09-13 23:32:42,856] multiqc                                            [DEBUG  ]  Ignoring file as matched an ignore pattern: 1141.extendedFrags.fastq
[2017-09-13 23:32:42,856] multiqc                                            [DEBUG  ]  Ignoring file as matched an ignore pattern: 844.notCombined_2.fastq
[2017-09-13 23:32:42,856] multiqc                                            [DEBUG  ]  Ignoring file as matched an ignore pattern: 1156.extendedFrags_fastqc.html
[2017-09-13 23:32:42,856] multiqc                                            [DEBUG  ]  Ignoring file as matched an ignore pattern: 761.extendedFrags.fastq
[2017-09-13 23:32:42,905] multiqc                                            [DEBUG  ]  Ignoring file as matched an ignore pattern: 439.notCombined_2.fastq
[2017-09-13 23:32:42,905] multiqc                                            [DEBUG  ]  Ignoring file as matched an ignore pattern: 1157.extendedFrags.fastq
[2017-09-13 23:32:42,905] multiqc                                            [DEBUG  ]  Ignoring file as matched an ignore pattern: 757.extendedFrags_fastqc.html
[2017-09-13 23:32:42,905] multiqc                                            [DEBUG  ]  Ignoring file as matched an ignore pattern: 1040.extendedFrags_fastqc.html
[2017-09-13 23:32:42,919] multiqc                                            [DEBUG  ]  Ignoring file as matched an ignore pattern: 1017.extendedFrags_fastqc.html
[2017-09-13 23:32:42,919] multiqc                                            [DEBUG  ]  Ignoring file as matched an ignore pattern: 1018.notCombined_1.fastq
[2017-09-13 23:32:42,941] multiqc                                            [DEBUG  ]  Ignoring file as matched an ignore pattern: 447.notCombined_1.fastq
[2017-09-13 23:32:42,942] multiqc                                            [DEBUG  ]  Ignoring file as matched an ignore pattern: 843.extendedFrags_fastqc.html
[2017-09-13 23:32:42,974] multiqc                                            [DEBUG  ]  Ignoring file as matched an ignore pattern: 449.extendedFrags.fastq
[2017-09-13 23:32:42,974] multiqc                                            [DEBUG  ]  Ignoring file as matched an ignore pattern: 839.notCombined_1.fastq
[2017-09-13 23:32:42,974] multiqc                                            [DEBUG  ]  Ignoring file as matched an ignore pattern: 435.notCombined_2.fastq
[2017-09-13 23:32:42,974] multiqc                                            [DEBUG  ]  Ignoring file as matched an ignore pattern: 450.extendedFrags.fastq
[2017-09-13 23:32:42,974] multiqc                                            [DEBUG  ]  Ignoring file as matched an ignore pattern: 457.extendedFrags_fastqc.html
[2017-09-13 23:32:42,974] multiqc                                            [DEBUG  ]  Ignoring file as matched an ignore pattern: 430.extendedFrags.fastq
[2017-09-13 23:32:42,974] multiqc                                            [DEBUG  ]  Ignoring file as matched an ignore pattern: 757.extendedFrags.fastq
[2017-09-13 23:32:42,974] multiqc                                            [DEBUG  ]  Ignoring file as matched an ignore pattern: 427.extendedFrags.fastq
[2017-09-13 23:32:42,995] multiqc                                            [DEBUG  ]  Ignoring file as matched an ignore pattern: 842.notCombined_1.fastq
[2017-09-13 23:32:42,995] multiqc                                            [DEBUG  ]  Ignoring file as matched an ignore pattern: 430.notCombined_2.fastq
[2017-09-13 23:32:42,995] multiqc                                            [DEBUG  ]  Ignoring file as matched an ignore pattern: 432.notCombined_1.fastq
[2017-09-13 23:32:42,995] multiqc                                            [DEBUG  ]  Ignoring file as matched an ignore pattern: 1019.notCombined_2.fastq
[2017-09-13 23:32:42,995] multiqc                                            [DEBUG  ]  Ignoring file as matched an ignore pattern: 451.extendedFrags_fastqc.html
[2017-09-13 23:32:42,995] multiqc                                            [DEBUG  ]  Ignoring file as matched an ignore pattern: 758.notCombined_2.fastq
[2017-09-13 23:32:43,009] multiqc                                            [DEBUG  ]  Ignoring file as matched an ignore pattern: 1155.notCombined_1.fastq
[2017-09-13 23:32:43,009] multiqc                                            [DEBUG  ]  Ignoring file as matched an ignore pattern: 440.notCombined_2.fastq
[2017-09-13 23:32:43,009] multiqc                                            [DEBUG  ]  Ignoring file as matched an ignore pattern: 1145.extendedFrags.fastq
[2017-09-13 23:32:43,016] multiqc                                            [DEBUG  ]  Ignoring file as matched an ignore pattern: 1156.notCombined_2.fastq
[2017-09-13 23:32:43,016] multiqc                                            [DEBUG  ]  Ignoring file as matched an ignore pattern: 1142.extendedFrags_fastqc.html
[2017-09-13 23:32:43,016] multiqc                                            [DEBUG  ]  Ignoring file as matched an ignore pattern: 426.extendedFrags.fastq
[2017-09-13 23:32:43,016] multiqc                                            [DEBUG  ]  Ignoring file as matched an ignore pattern: 832.notCombined_2.fastq
[2017-09-13 23:32:43,017] multiqc                                            [DEBUG  ]  Ignoring file as matched an ignore pattern: 1142.notCombined_1.fastq
[2017-09-13 23:32:43,035] multiqc                                            [DEBUG  ]  Ignoring file as matched an ignore pattern: 831.extendedFrags.fastq
[2017-09-13 23:32:43,035] multiqc                                            [DEBUG  ]  Ignoring file as matched an ignore pattern: 1154.notCombined_1.fastq
[2017-09-13 23:32:43,035] multiqc                                            [DEBUG  ]  Ignoring file as matched an ignore pattern: 1033.extendedFrags_fastqc.html
[2017-09-13 23:32:43,035] multiqc                                            [DEBUG  ]  Ignoring file as matched an ignore pattern: 1158.extendedFrags.fastq
[2017-09-13 23:32:43,035] multiqc                                            [DEBUG  ]  Ignoring file as matched an ignore pattern: 437.extendedFrags.fastq
[2017-09-13 23:32:43,036] multiqc                                            [DEBUG  ]  Ignoring file as matched an ignore pattern: 1162.notCombined_2.fastq
[2017-09-13 23:32:43,036] multiqc                                            [DEBUG  ]  Ignoring file as matched an ignore pattern: 437.notCombined_1.fastq
[2017-09-13 23:32:43,042] multiqc                                            [DEBUG  ]  Ignoring file as matched an ignore pattern: 1162.extendedFrags_fastqc.html
[2017-09-13 23:32:43,042] multiqc                                            [DEBUG  ]  Ignoring file as matched an ignore pattern: 1157.notCombined_1.fastq
[2017-09-13 23:32:43,058] multiqc                                            [DEBUG  ]  Ignoring file as matched an ignore pattern: 1032.notCombined_1.fastq
[2017-09-13 23:32:43,072] multiqc                                            [DEBUG  ]  Ignoring file as matched an ignore pattern: 1017.notCombined_2.fastq
[2017-09-13 23:32:43,073] multiqc                                            [DEBUG  ]  Ignoring file as matched an ignore pattern: 832.extendedFrags.fastq
[2017-09-13 23:32:43,073] multiqc                                            [DEBUG  ]  Ignoring file as matched an ignore pattern: 1153.notCombined_2.fastq
[2017-09-13 23:32:43,074] multiqc                                            [DEBUG  ]  Ignoring file as matched an ignore pattern: 429.notCombined_1.fastq
[2017-09-13 23:32:43,074] multiqc                                            [DEBUG  ]  Ignoring file as matched an ignore pattern: 843.notCombined_2.fastq
[2017-09-13 23:32:43,074] multiqc                                            [DEBUG  ]  Ignoring file as matched an ignore pattern: 1034.notCombined_1.fastq
[2017-09-13 23:32:43,085] multiqc                                            [DEBUG  ]  Ignoring file as matched an ignore pattern: 449.extendedFrags_fastqc.html
[2017-09-13 23:32:43,085] multiqc                                            [DEBUG  ]  Ignoring file as matched an ignore pattern: 450.notCombined_2.fastq
[2017-09-13 23:32:43,085] multiqc                                            [DEBUG  ]  Ignoring file as matched an ignore pattern: 758.extendedFrags.fastq
[2017-09-13 23:32:43,085] multiqc                                            [DEBUG  ]  Ignoring file as matched an ignore pattern: 1019.notCombined_1.fastq
[2017-09-13 23:32:43,085] multiqc                                            [DEBUG  ]  Ignoring file as matched an ignore pattern: 450.notCombined_1.fastq
[2017-09-13 23:32:43,101] multiqc                                            [DEBUG  ]  Ignoring file as matched an ignore pattern: 439.notCombined_1.fastq
[2017-09-13 23:32:43,101] multiqc                                            [DEBUG  ]  Ignoring file as matched an ignore pattern: 844.extendedFrags.fastq
[2017-09-13 23:32:43,101] multiqc                                            [DEBUG  ]  Ignoring file as matched an ignore pattern: 837.notCombined_1.fastq
[2017-09-13 23:32:43,101] multiqc                                            [DEBUG  ]  Ignoring file as matched an ignore pattern: 1162.notCombined_1.fastq
[2017-09-13 23:32:43,101] multiqc                                            [DEBUG  ]  Ignoring file as matched an ignore pattern: 836.extendedFrags_fastqc.html
[2017-09-13 23:32:43,126] multiqc                                            [DEBUG  ]  Ignoring file as matched an ignore pattern: 839.notCombined_2.fastq
[2017-09-13 23:32:43,130] multiqc                                            [DEBUG  ]  Ignoring file as matched an ignore pattern: 435.extendedFrags.fastq
[2017-09-13 23:32:43,131] multiqc                                            [DEBUG  ]  Ignoring file as matched an ignore pattern: 1138.notCombined_2.fastq
[2017-09-13 23:32:43,145] multiqc                                            [DEBUG  ]  Ignoring file as matched an ignore pattern: 757.notCombined_1.fastq
[2017-09-13 23:32:43,145] multiqc                                            [DEBUG  ]  Ignoring file as matched an ignore pattern: 761.notCombined_1.fastq
[2017-09-13 23:32:43,145] multiqc                                            [DEBUG  ]  Ignoring file as matched an ignore pattern: 1155.extendedFrags_fastqc.html
[2017-09-13 23:32:43,156] multiqc                                            [DEBUG  ]  Ignoring file as matched an ignore pattern: 1018.extendedFrags.fastq
[2017-09-13 23:32:43,162] multiqc                                            [DEBUG  ]  Ignoring file as matched an ignore pattern: 1035.extendedFrags.fastq
[2017-09-13 23:32:43,205] multiqc                                            [DEBUG  ]  Ignoring file as matched an ignore pattern: 1139.notCombined_1.fastq
[2017-09-13 23:32:43,231] multiqc                                            [DEBUG  ]  Ignoring file as matched an ignore pattern: 838.extendedFrags_fastqc.html
[2017-09-13 23:32:43,271] multiqc                                            [DEBUG  ]  Ignoring file as matched an ignore pattern: 836.extendedFrags.fastq
[2017-09-13 23:32:43,271] multiqc                                            [DEBUG  ]  Ignoring file as matched an ignore pattern: 1024.notCombined_1.fastq
[2017-09-13 23:32:43,276] multiqc                                            [DEBUG  ]  Ignoring file as matched an ignore pattern: 758.notCombined_1.fastq
[2017-09-13 23:32:43,282] multiqc                                            [DEBUG  ]  Ignoring file as matched an ignore pattern: 759.notCombined_1.fastq
[2017-09-13 23:32:43,282] multiqc                                            [DEBUG  ]  Ignoring file as matched an ignore pattern: 1020.notCombined_2.fastq
[2017-09-13 23:32:43,319] multiqc                                            [DEBUG  ]  Ignoring file as matched an ignore pattern: 1138.extendedFrags.fastq
[2017-09-13 23:32:43,325] multiqc                                            [DEBUG  ]  Ignoring file as matched an ignore pattern: 1142.extendedFrags.fastq
[2017-09-13 23:32:43,325] multiqc                                            [DEBUG  ]  Ignoring file as matched an ignore pattern: 427.extendedFrags_fastqc.html
[2017-09-13 23:32:43,329] multiqc                                            [DEBUG  ]  Ignoring file as matched an ignore pattern: 831.extendedFrags_fastqc.html
[2017-09-13 23:32:43,330] multiqc                                            [DEBUG  ]  Ignoring file as matched an ignore pattern: 837.notCombined_2.fastq
[2017-09-13 23:32:43,330] multiqc                                            [DEBUG  ]  Ignoring file as matched an ignore pattern: 842.extendedFrags_fastqc.html
[2017-09-13 23:32:43,330] multiqc                                            [DEBUG  ]  Ignoring file as matched an ignore pattern: 1153.extendedFrags_fastqc.html
[2017-09-13 23:32:43,334] multiqc                                            [DEBUG  ]  Ignoring file as matched an ignore pattern: 841.notCombined_1.fastq
[2017-09-13 23:32:43,368] multiqc                                            [DEBUG  ]  Ignoring file as matched an ignore pattern: 1034.notCombined_2.fastq
[2017-09-13 23:32:43,368] multiqc                                            [DEBUG  ]  Ignoring file as matched an ignore pattern: 429.extendedFrags_fastqc.html
[2017-09-13 23:32:43,368] multiqc                                            [DEBUG  ]  Ignoring file as matched an ignore pattern: 1141.extendedFrags_fastqc.html
[2017-09-13 23:32:43,369] multiqc                                            [DEBUG  ]  Ignoring file as matched an ignore pattern: 1145.notCombined_1.fastq
[2017-09-13 23:32:43,369] multiqc                                            [DEBUG  ]  Ignoring file as matched an ignore pattern: 761.extendedFrags_fastqc.html
[2017-09-13 23:32:43,383] multiqc                                            [DEBUG  ]  Ignoring file as matched an ignore pattern: 1031.notCombined_1.fastq
[2017-09-13 23:32:43,400] multiqc                                            [DEBUG  ]  Ignoring file as matched an ignore pattern: 839.extendedFrags.fastq
[2017-09-13 23:32:43,400] multiqc                                            [DEBUG  ]  Ignoring file as matched an ignore pattern: 1024.extendedFrags.fastq
[2017-09-13 23:32:43,401] multiqc                                            [DEBUG  ]  Ignoring file as matched an ignore pattern: 833.extendedFrags_fastqc.html
[2017-09-13 23:32:43,401] multiqc                                            [DEBUG  ]  Ignoring file as matched an ignore pattern: 1140.extendedFrags.fastq
[2017-09-13 23:32:43,401] multiqc                                            [DEBUG  ]  Ignoring file as matched an ignore pattern: 430.extendedFrags_fastqc.html
[2017-09-13 23:32:43,401] multiqc                                            [DEBUG  ]  Ignoring file as matched an ignore pattern: 1017.extendedFrags.fastq
[2017-09-13 23:32:43,416] multiqc                                            [DEBUG  ]  Ignoring file as matched an ignore pattern: 760.notCombined_2.fastq
[2017-09-13 23:32:43,416] multiqc                                            [DEBUG  ]  Ignoring file as matched an ignore pattern: 425.extendedFrags.fastq
[2017-09-13 23:32:43,416] multiqc                                            [DEBUG  ]  Ignoring file as matched an ignore pattern: 1040.notCombined_1.fastq
[2017-09-13 23:32:43,416] multiqc                                            [DEBUG  ]  Ignoring file as matched an ignore pattern: 426.notCombined_2.fastq
[2017-09-13 23:32:43,416] multiqc                                            [DEBUG  ]  Ignoring file as matched an ignore pattern: 1141.notCombined_2.fastq
[2017-09-13 23:32:43,416] multiqc                                            [DEBUG  ]  Ignoring file as matched an ignore pattern: 833.notCombined_2.fastq
[2017-09-13 23:32:43,416] multiqc                                            [DEBUG  ]  Ignoring file as matched an ignore pattern: 427.notCombined_2.fastq
[2017-09-13 23:32:43,416] multiqc                                            [DEBUG  ]  Ignoring file as matched an ignore pattern: 843.notCombined_1.fastq
[2017-09-13 23:32:43,416] multiqc                                            [DEBUG  ]  Ignoring file as matched an ignore pattern: 759.extendedFrags_fastqc.html
[2017-09-13 23:32:43,416] multiqc                                            [DEBUG  ]  Ignoring file as matched an ignore pattern: 760.extendedFrags_fastqc.html
[2017-09-13 23:32:43,416] multiqc                                            [DEBUG  ]  Ignoring file as matched an ignore pattern: 1156.extendedFrags.fastq
[2017-09-13 23:32:43,416] multiqc                                            [DEBUG  ]  Ignoring file as matched an ignore pattern: 760.extendedFrags.fastq
[2017-09-13 23:32:43,437] multiqc                                            [DEBUG  ]  Ignoring file as matched an ignore pattern: 441.extendedFrags.fastq
[2017-09-13 23:32:43,469] multiqc                                            [DEBUG  ]  Ignoring file as matched an ignore pattern: 458.notCombined_2.fastq
[2017-09-13 23:32:43,469] multiqc                                            [DEBUG  ]  Ignoring file as matched an ignore pattern: 1153.notCombined_1.fastq
[2017-09-13 23:32:43,469] multiqc                                            [DEBUG  ]  Ignoring file as matched an ignore pattern: 834.notCombined_1.fastq
[2017-09-13 23:32:43,469] multiqc                                            [DEBUG  ]  Ignoring file as matched an ignore pattern: 429.notCombined_2.fastq
[2017-09-13 23:32:43,469] multiqc                                            [DEBUG  ]  Ignoring file as matched an ignore pattern: 1040.extendedFrags.fastq
[2017-09-13 23:32:43,469] multiqc                                            [DEBUG  ]  Ignoring file as matched an ignore pattern: 1139.extendedFrags_fastqc.html
[2017-09-13 23:32:43,486] multiqc                                            [DEBUG  ]  Ignoring file as matched an ignore pattern: 1154.extendedFrags_fastqc.html
[2017-09-13 23:32:43,486] multiqc                                            [DEBUG  ]  Ignoring file as matched an ignore pattern: 431.notCombined_1.fastq
[2017-09-13 23:32:43,486] multiqc                                            [DEBUG  ]  Ignoring file as matched an ignore pattern: 1154.extendedFrags.fastq
[2017-09-13 23:32:43,486] multiqc                                            [DEBUG  ]  Ignoring file as matched an ignore pattern: 447.extendedFrags_fastqc.html
[2017-09-13 23:32:43,486] multiqc                                            [DEBUG  ]  Ignoring file as matched an ignore pattern: 1158.extendedFrags_fastqc.html
[2017-09-13 23:32:43,486] multiqc                                            [DEBUG  ]  Ignoring file as matched an ignore pattern: 424.extendedFrags_fastqc.html
[2017-09-13 23:32:43,486] multiqc                                            [DEBUG  ]  Ignoring file as matched an ignore pattern: 834.extendedFrags.fastq
[2017-09-13 23:32:43,486] multiqc                                            [DEBUG  ]  Ignoring file as matched an ignore pattern: 458.extendedFrags.fastq
[2017-09-13 23:32:43,498] multiqc                                            [DEBUG  ]  Ignoring file as matched an ignore pattern: 1018.extendedFrags_fastqc.html
[2017-09-13 23:32:43,499] multiqc                                            [DEBUG  ]  Ignoring file as matched an ignore pattern: 1035.notCombined_2.fastq
[2017-09-13 23:32:43,499] multiqc                                            [DEBUG  ]  Ignoring file as matched an ignore pattern: 757.notCombined_2.fastq
[2017-09-13 23:32:43,499] multiqc                                            [DEBUG  ]  Ignoring file as matched an ignore pattern: 1019.extendedFrags.fastq
[2017-09-13 23:32:43,499] multiqc                                            [DEBUG  ]  Ignoring file as matched an ignore pattern: 440.extendedFrags.fastq
[2017-09-13 23:32:43,499] multiqc                                            [DEBUG  ]  Ignoring file as matched an ignore pattern: 833.extendedFrags.fastq
[2017-09-13 23:32:43,499] multiqc                                            [DEBUG  ]  Ignoring file as matched an ignore pattern: 1141.notCombined_1.fastq
[2017-09-13 23:32:43,499] multiqc                                            [DEBUG  ]  Ignoring file as matched an ignore pattern: 457.notCombined_2.fastq
[2017-09-13 23:32:43,499] multiqc                                            [DEBUG  ]  Ignoring file as matched an ignore pattern: 831.notCombined_2.fastq
[2017-09-13 23:32:43,499] multiqc                                            [DEBUG  ]  Ignoring file as matched an ignore pattern: 426.notCombined_1.fastq
[2017-09-13 23:32:43,505] multiqc                                            [DEBUG  ]  Ignoring file as matched an ignore pattern: 1145.notCombined_2.fastq
[2017-09-13 23:32:43,537] multiqc                                            [DEBUG  ]  Ignoring file as matched an ignore pattern: 451.extendedFrags.fastq
[2017-09-13 23:32:43,537] multiqc                                            [DEBUG  ]  Ignoring file as matched an ignore pattern: 1031.notCombined_2.fastq
[2017-09-13 23:32:43,542] multiqc                                            [DEBUG  ]  Ignoring file as matched an ignore pattern: 758.extendedFrags_fastqc.html
[2017-09-13 23:32:43,542] multiqc                                            [DEBUG  ]  Ignoring file as matched an ignore pattern: 843.extendedFrags.fastq
[2017-09-13 23:32:43,542] multiqc                                            [DEBUG  ]  Ignoring file as matched an ignore pattern: 449.notCombined_2.fastq
[2017-09-13 23:32:43,551] multiqc                                            [DEBUG  ]  Ignoring file as matched an ignore pattern: 424.notCombined_2.fastq
[2017-09-13 23:32:43,574] multiqc                                            [DEBUG  ]  Ignoring file as matched an ignore pattern: 1031.extendedFrags.fastq
[2017-09-13 23:32:43,574] multiqc                                            [DEBUG  ]  Ignoring file as matched an ignore pattern: 1145.extendedFrags_fastqc.html
[2017-09-13 23:32:43,582] multiqc                                            [DEBUG  ]  Ignoring file as matched an ignore pattern: 831.notCombined_1.fastq
[2017-09-13 23:32:43,595] multiqc                                            [DEBUG  ]  Ignoring file as matched an ignore pattern: 1016.extendedFrags.fastq
[2017-09-13 23:32:43,595] multiqc                                            [DEBUG  ]  Ignoring file as matched an ignore pattern: 834.notCombined_2.fastq
[2017-09-13 23:32:43,596] multiqc                                            [DEBUG  ]  Ignoring file as matched an ignore pattern: 1138.notCombined_1.fastq
[2017-09-13 23:32:43,596] multiqc                                            [DEBUG  ]  Ignoring file as matched an ignore pattern: 1157.notCombined_2.fastq
[2017-09-13 23:32:43,596] multiqc                                            [DEBUG  ]  Ignoring file as matched an ignore pattern: 439.extendedFrags.fastq
[2017-09-13 23:32:43,614] multiqc                                            [DEBUG  ]  Ignoring file as matched an ignore pattern: 1020.extendedFrags.fastq
[2017-09-13 23:32:43,614] multiqc                                            [DEBUG  ]  Ignoring file as matched an ignore pattern: 834.extendedFrags_fastqc.html
[2017-09-13 23:32:43,615] multiqc                                            [DEBUG  ]  Ignoring file as matched an ignore pattern: 841.extendedFrags.fastq
[2017-09-13 23:32:43,615] multiqc                                            [DEBUG  ]  Ignoring file as matched an ignore pattern: 432.notCombined_2.fastq
[2017-09-13 23:32:43,615] multiqc                                            [DEBUG  ]  Ignoring file as matched an ignore pattern: 837.extendedFrags_fastqc.html
[2017-09-13 23:32:43,615] multiqc                                            [DEBUG  ]  Ignoring file as matched an ignore pattern: 435.notCombined_1.fastq
[2017-09-13 23:32:43,630] multiqc                                            [DEBUG  ]  Ignoring file as matched an ignore pattern: 1158.notCombined_1.fastq
[2017-09-13 23:32:43,651] multiqc                                            [DEBUG  ]  Ignoring file as matched an ignore pattern: 836.notCombined_1.fastq
[2017-09-13 23:32:43,657] multiqc                                            [DEBUG  ]  Ignoring file as matched an ignore pattern: 1019.extendedFrags_fastqc.html
[2017-09-13 23:32:43,657] multiqc                                            [DEBUG  ]  Ignoring file as matched an ignore pattern: 842.notCombined_2.fastq
[2017-09-13 23:32:43,657] multiqc                                            [DEBUG  ]  Ignoring file as matched an ignore pattern: 759.extendedFrags.fastq
[2017-09-13 23:32:43,657] multiqc                                            [DEBUG  ]  Ignoring file as matched an ignore pattern: 832.notCombined_1.fastq
[2017-09-13 23:32:43,775] multiqc.modules.custom_content.custom_content      [DEBUG  ]  No custom content found
[2017-09-13 23:32:43,776] multiqc.modules.conpair.conpair                    [DEBUG  ]  Could not find any reports in ('/home/mark/gitstage/uderica/nordqiime/V-HMC/Fungi/fungi_raw_data/extendedFrags/',)
[2017-09-13 23:32:43,778] multiqc.modules.peddy.peddy                        [DEBUG  ]  Could not find any reports in ('/home/mark/gitstage/uderica/nordqiime/V-HMC/Fungi/fungi_raw_data/extendedFrags/',)
[2017-09-13 23:32:43,779] multiqc.modules.methylQA.methylQA                  [DEBUG  ]  Could not find any reports in ('/home/mark/gitstage/uderica/nordqiime/V-HMC/Fungi/fungi_raw_data/extendedFrags/',)
[2017-09-13 23:32:43,781] multiqc.modules.qualimap.QM_BamQC                  [DEBUG  ]  Using default Qualimap thresholds: 1, 5, 10, 30, 50
[2017-09-13 23:32:43,781] multiqc.modules.qualimap.qualimap                  [DEBUG  ]  Could not find any reports in ('/home/mark/gitstage/uderica/nordqiime/V-HMC/Fungi/fungi_raw_data/extendedFrags/',)
[2017-09-13 23:32:43,782] multiqc.modules.preseq.preseq                      [DEBUG  ]  Could not find any preseq data in ('/home/mark/gitstage/uderica/nordqiime/V-HMC/Fungi/fungi_raw_data/extendedFrags/',)
[2017-09-13 23:32:43,783] multiqc.modules.quast.quast                        [DEBUG  ]  Could not find any reports in ('/home/mark/gitstage/uderica/nordqiime/V-HMC/Fungi/fungi_raw_data/extendedFrags/',)
[2017-09-13 23:32:43,785] multiqc.modules.qorts.qorts                        [DEBUG  ]  Could not find any QoRTs data in ('/home/mark/gitstage/uderica/nordqiime/V-HMC/Fungi/fungi_raw_data/extendedFrags/',)
[2017-09-13 23:32:43,786] multiqc.modules.rna_seqc.rna_seqc                  [DEBUG  ]  Could not find any RNA-SeQC data in ('/home/mark/gitstage/uderica/nordqiime/V-HMC/Fungi/fungi_raw_data/extendedFrags/',)
[2017-09-13 23:32:43,788] multiqc.modules.rseqc.rseqc                        [DEBUG  ]  Could not find any reports in ('/home/mark/gitstage/uderica/nordqiime/V-HMC/Fungi/fungi_raw_data/extendedFrags/',)
[2017-09-13 23:32:43,789] multiqc.modules.busco.busco                        [DEBUG  ]  Could not find any reports in ('/home/mark/gitstage/uderica/nordqiime/V-HMC/Fungi/fungi_raw_data/extendedFrags/',)
[2017-09-13 23:32:43,791] multiqc.modules.goleft_indexcov.goleft_indexcov    [DEBUG  ]  Did not find goleft indexcov outputs in ('/home/mark/gitstage/uderica/nordqiime/V-HMC/Fungi/fungi_raw_data/extendedFrags/',)
[2017-09-13 23:32:43,792] multiqc.modules.disambiguate.disambiguate          [DEBUG  ]  Could not find any data in ('/home/mark/gitstage/uderica/nordqiime/V-HMC/Fungi/fungi_raw_data/extendedFrags/',)
[2017-09-13 23:32:43,793] multiqc.modules.homer.homer                        [DEBUG  ]  Could not find any reports in ('/home/mark/gitstage/uderica/nordqiime/V-HMC/Fungi/fungi_raw_data/extendedFrags/',)
[2017-09-13 23:32:43,795] multiqc.modules.macs2.macs2                        [DEBUG  ]  Could not find any MACS2 data in ('/home/mark/gitstage/uderica/nordqiime/V-HMC/Fungi/fungi_raw_data/extendedFrags/',)
[2017-09-13 23:32:43,796] multiqc.modules.theta2.theta2                      [DEBUG  ]  Could not find any reports in ('/home/mark/gitstage/uderica/nordqiime/V-HMC/Fungi/fungi_raw_data/extendedFrags/',)
[2017-09-13 23:32:43,797] multiqc.modules.snpeff.snpeff                      [DEBUG  ]  Could not find any data in ('/home/mark/gitstage/uderica/nordqiime/V-HMC/Fungi/fungi_raw_data/extendedFrags/',)
[2017-09-13 23:32:43,798] multiqc.modules.gatk.gatk                          [DEBUG  ]  Could not find any reports in ('/home/mark/gitstage/uderica/nordqiime/V-HMC/Fungi/fungi_raw_data/extendedFrags/',)
[2017-09-13 23:32:43,800] multiqc.modules.htseq.htseq                        [DEBUG  ]  Could not find any reports in ('/home/mark/gitstage/uderica/nordqiime/V-HMC/Fungi/fungi_raw_data/extendedFrags/',)
[2017-09-13 23:32:43,801] multiqc.modules.bcftools.bcftools                  [DEBUG  ]  Could not find any reports in ('/home/mark/gitstage/uderica/nordqiime/V-HMC/Fungi/fungi_raw_data/extendedFrags/',)
[2017-09-13 23:32:43,802] multiqc.modules.featureCounts.feature_counts       [DEBUG  ]  Could not find any reports in ('/home/mark/gitstage/uderica/nordqiime/V-HMC/Fungi/fungi_raw_data/extendedFrags/',)
[2017-09-13 23:32:43,805] multiqc.modules.picard.picard                      [DEBUG  ]  Could not find any reports in ('/home/mark/gitstage/uderica/nordqiime/V-HMC/Fungi/fungi_raw_data/extendedFrags/',)
[2017-09-13 23:32:43,806] multiqc.modules.prokka.prokka                      [DEBUG  ]  Could not find any Prokka data in ('/home/mark/gitstage/uderica/nordqiime/V-HMC/Fungi/fungi_raw_data/extendedFrags/',)
[2017-09-13 23:32:43,807] multiqc.modules.samblaster.samblaster              [DEBUG  ]  Could not find any data in ('/home/mark/gitstage/uderica/nordqiime/V-HMC/Fungi/fungi_raw_data/extendedFrags/',)
[2017-09-13 23:32:43,809] multiqc.modules.samtools.samtools                  [DEBUG  ]  Could not find any reports in ('/home/mark/gitstage/uderica/nordqiime/V-HMC/Fungi/fungi_raw_data/extendedFrags/',)
[2017-09-13 23:32:43,810] multiqc.modules.bamtools.bamtools                  [DEBUG  ]  Could not find any reports in ('/home/mark/gitstage/uderica/nordqiime/V-HMC/Fungi/fungi_raw_data/extendedFrags/',)
[2017-09-13 23:32:43,811] multiqc.modules.jellyfish.jellyfish                [DEBUG  ]  Could not find any data in ('/home/mark/gitstage/uderica/nordqiime/V-HMC/Fungi/fungi_raw_data/extendedFrags/',)
[2017-09-13 23:32:43,813] multiqc.modules.bismark.bismark                    [DEBUG  ]  Could not find any reports in ('/home/mark/gitstage/uderica/nordqiime/V-HMC/Fungi/fungi_raw_data/extendedFrags/',)
[2017-09-13 23:32:43,814] multiqc.modules.hicup.hicup                        [DEBUG  ]  Could not find any HiCUP data in ('/home/mark/gitstage/uderica/nordqiime/V-HMC/Fungi/fungi_raw_data/extendedFrags/',)
[2017-09-13 23:32:43,815] multiqc.modules.salmon.salmon                      [DEBUG  ]  Could not find any Salmon data in ('/home/mark/gitstage/uderica/nordqiime/V-HMC/Fungi/fungi_raw_data/extendedFrags/',)
[2017-09-13 23:32:43,817] multiqc.modules.kallisto.kallisto                  [DEBUG  ]  Could not find any reports in ('/home/mark/gitstage/uderica/nordqiime/V-HMC/Fungi/fungi_raw_data/extendedFrags/',)
[2017-09-13 23:32:43,818] multiqc.modules.slamdunk.slamdunk                  [DEBUG  ]  No slamdunk reports found.
[2017-09-13 23:32:43,819] multiqc.modules.star.star                          [DEBUG  ]  Could not find any reports in ('/home/mark/gitstage/uderica/nordqiime/V-HMC/Fungi/fungi_raw_data/extendedFrags/',)
[2017-09-13 23:32:43,820] multiqc.modules.hisat2.hisat2                      [DEBUG  ]  Could not find any reports in ('/home/mark/gitstage/uderica/nordqiime/V-HMC/Fungi/fungi_raw_data/extendedFrags/',)
[2017-09-13 23:32:43,822] multiqc.modules.tophat.tophat                      [DEBUG  ]  Could not find any reports in ('/home/mark/gitstage/uderica/nordqiime/V-HMC/Fungi/fungi_raw_data/extendedFrags/',)
[2017-09-13 23:32:43,823] multiqc.modules.bowtie2.bowtie2                    [DEBUG  ]  Could not find any reports in ('/home/mark/gitstage/uderica/nordqiime/V-HMC/Fungi/fungi_raw_data/extendedFrags/',)
[2017-09-13 23:32:43,824] multiqc.modules.bowtie1.bowtie1                    [DEBUG  ]  Could not find any reports in ('/home/mark/gitstage/uderica/nordqiime/V-HMC/Fungi/fungi_raw_data/extendedFrags/',)
[2017-09-13 23:32:43,826] multiqc.modules.adapterRemoval.adapterRemoval      [DEBUG  ]  Could not find any reports in ('/home/mark/gitstage/uderica/nordqiime/V-HMC/Fungi/fungi_raw_data/extendedFrags/',)
[2017-09-13 23:32:43,827] multiqc.modules.cutadapt.cutadapt                  [DEBUG  ]  Could not find any reports in ('/home/mark/gitstage/uderica/nordqiime/V-HMC/Fungi/fungi_raw_data/extendedFrags/',)
[2017-09-13 23:32:43,828] multiqc.modules.flexbar.flexbar                    [DEBUG  ]  Could not find any Flexbar data in ('/home/mark/gitstage/uderica/nordqiime/V-HMC/Fungi/fungi_raw_data/extendedFrags/',)
[2017-09-13 23:32:43,830] multiqc.modules.trimmomatic.trimmomatic            [DEBUG  ]  Could not find any Trimmomatic data in ('/home/mark/gitstage/uderica/nordqiime/V-HMC/Fungi/fungi_raw_data/extendedFrags/',)
[2017-09-13 23:32:43,831] multiqc.modules.skewer.skewer                      [DEBUG  ]  Could not find any data in ('/home/mark/gitstage/uderica/nordqiime/V-HMC/Fungi/fungi_raw_data/extendedFrags/',)
[2017-09-13 23:32:43,833] multiqc.modules.sortmerna.sortmerna                [DEBUG  ]  Could not find any SortMeRNA data in ('/home/mark/gitstage/uderica/nordqiime/V-HMC/Fungi/fungi_raw_data/extendedFrags/',)
[2017-09-13 23:32:43,834] multiqc.modules.biobloomtools.biobloomtools        [DEBUG  ]  Could not find any reports in ('/home/mark/gitstage/uderica/nordqiime/V-HMC/Fungi/fungi_raw_data/extendedFrags/',)
[2017-09-13 23:32:43,835] multiqc.modules.fastq_screen.fastq_screen          [DEBUG  ]  Could not find any reports in ('/home/mark/gitstage/uderica/nordqiime/V-HMC/Fungi/fungi_raw_data/extendedFrags/',)
[2017-09-13 23:32:46,747] multiqc.modules.fastqc.fastqc                      [INFO   ]  Found 61 reports
[2017-09-13 23:32:50,748] multiqc.modules.clusterflow.clusterflow            [DEBUG  ]  Could not find any reports in ('/home/mark/gitstage/uderica/nordqiime/V-HMC/Fungi/fungi_raw_data/extendedFrags/',)
[2017-09-13 23:32:50,820] multiqc                                            [INFO   ]  Compressing plot data
[2017-09-13 23:32:53,144] multiqc                                            [INFO   ]  Report      : ../uderica/nordqiime/V-HMC/Fungi/fungi_raw_data/extendedFrags/multiqc_report.html
[2017-09-13 23:32:53,144] multiqc                                            [INFO   ]  Data        : ../uderica/nordqiime/V-HMC/Fungi/fungi_raw_data/extendedFrags/multiqc_data
[2017-09-13 23:32:53,144] multiqc                                            [DEBUG  ]  Moving data file from '/tmp/tmpKgC4WX/multiqc_data/multiqc_general_stats.txt' to '/home/mark/gitstage/uderica/nordqiime/V-HMC/Fungi/fungi_raw_data/extendedFrags/multiqc_data'
[2017-09-13 23:32:53,145] multiqc                                            [DEBUG  ]  Moving data file from '/tmp/tmpKgC4WX/multiqc_data/multiqc_sources.txt' to '/home/mark/gitstage/uderica/nordqiime/V-HMC/Fungi/fungi_raw_data/extendedFrags/multiqc_data'
[2017-09-13 23:32:53,145] multiqc                                            [DEBUG  ]  Moving data file from '/tmp/tmpKgC4WX/multiqc_data/multiqc_fastqc.txt' to '/home/mark/gitstage/uderica/nordqiime/V-HMC/Fungi/fungi_raw_data/extendedFrags/multiqc_data'
[2017-09-13 23:32:53,249] multiqc                                            [INFO   ]  MultiQC complete
