OtuPicker parameters:
Application:uclust
Similarity:0.97
chimeras_retention:union
enable_rev_strand_matching:True
exact:False
max_accepts:1
max_rejects:8
new_cluster_identifier:denovo
next_new_cluster_number:1
optimal:False
output_dir:/home/mark/gitstage/uderica/nordqiime/Aer_Comp/Aer_Comp_Fungi/raw_data/pick//step3_otus/POTU_dCc4_
prefilter_identical_sequences:True
presort_by_abundance:True
save_uc_files:True
stable_sort:True
stepwords:8
suppress_new_clusters:True
suppress_sort:True
word_length:8
Reference seqs:/home/mark/gitstage/uderica/nordqiime/Aer_Comp/Aer_Comp_Fungi/raw_data/pick/step2_otus/step2_rep_set.fna
Num OTUs:4
Num new OTUs:0
Num failures:43
Result path: /home/mark/gitstage/uderica/nordqiime/Aer_Comp/Aer_Comp_Fungi/raw_data/pick//step3_otus/POTU_dCc4_/POTU_dCc4_.0_otus.txt
OtuPicker parameters:
Application:uclust
Similarity:0.97
chimeras_retention:union
enable_rev_strand_matching:True
exact:False
max_accepts:1
max_rejects:8
new_cluster_identifier:denovo
next_new_cluster_number:1
optimal:False
output_dir:/home/mark/gitstage/uderica/nordqiime/Aer_Comp/Aer_Comp_Fungi/raw_data/pick//step3_otus/POTU_dCc4_
prefilter_identical_sequences:True
presort_by_abundance:True
save_uc_files:True
stable_sort:True
stepwords:8
suppress_new_clusters:True
suppress_sort:True
word_length:8
Reference seqs:/home/mark/gitstage/uderica/nordqiime/Aer_Comp/Aer_Comp_Fungi/raw_data/pick/step2_otus/step2_rep_set.fna
Num OTUs:15
Num new OTUs:0
Num failures:2399
Result path: /home/mark/gitstage/uderica/nordqiime/Aer_Comp/Aer_Comp_Fungi/raw_data/pick//step3_otus/POTU_dCc4_/POTU_dCc4_.1_otus.txt
OtuPicker parameters:
Application:uclust
Similarity:0.97
chimeras_retention:union
enable_rev_strand_matching:True
exact:False
max_accepts:1
max_rejects:8
new_cluster_identifier:denovo
next_new_cluster_number:1
optimal:False
output_dir:/home/mark/gitstage/uderica/nordqiime/Aer_Comp/Aer_Comp_Fungi/raw_data/pick//step3_otus/POTU_dCc4_
prefilter_identical_sequences:True
presort_by_abundance:True
save_uc_files:True
stable_sort:True
stepwords:8
suppress_new_clusters:True
suppress_sort:True
word_length:8
Reference seqs:/home/mark/gitstage/uderica/nordqiime/Aer_Comp/Aer_Comp_Fungi/raw_data/pick/step2_otus/step2_rep_set.fna
Num OTUs:10
Num new OTUs:0
Num failures:227
Result path: /home/mark/gitstage/uderica/nordqiime/Aer_Comp/Aer_Comp_Fungi/raw_data/pick//step3_otus/POTU_dCc4_/POTU_dCc4_.2_otus.txt
OtuPicker parameters:
Application:uclust
Similarity:0.97
chimeras_retention:union
enable_rev_strand_matching:True
exact:False
max_accepts:1
max_rejects:8
new_cluster_identifier:denovo
next_new_cluster_number:1
optimal:False
output_dir:/home/mark/gitstage/uderica/nordqiime/Aer_Comp/Aer_Comp_Fungi/raw_data/pick//step3_otus/POTU_dCc4_
prefilter_identical_sequences:True
presort_by_abundance:True
save_uc_files:True
stable_sort:True
stepwords:8
suppress_new_clusters:True
suppress_sort:True
word_length:8
Reference seqs:/home/mark/gitstage/uderica/nordqiime/Aer_Comp/Aer_Comp_Fungi/raw_data/pick/step2_otus/step2_rep_set.fna
Num OTUs:10
Num new OTUs:0
Num failures:288
Result path: /home/mark/gitstage/uderica/nordqiime/Aer_Comp/Aer_Comp_Fungi/raw_data/pick//step3_otus/POTU_dCc4_/POTU_dCc4_.3_otus.txt
OtuPicker parameters:
Application:uclust
Similarity:0.97
chimeras_retention:union
enable_rev_strand_matching:True
exact:False
max_accepts:1
max_rejects:8
new_cluster_identifier:denovo
next_new_cluster_number:1
optimal:False
output_dir:/home/mark/gitstage/uderica/nordqiime/Aer_Comp/Aer_Comp_Fungi/raw_data/pick//step3_otus/POTU_dCc4_
prefilter_identical_sequences:True
presort_by_abundance:True
save_uc_files:True
stable_sort:True
stepwords:8
suppress_new_clusters:True
suppress_sort:True
word_length:8
Reference seqs:/home/mark/gitstage/uderica/nordqiime/Aer_Comp/Aer_Comp_Fungi/raw_data/pick/step2_otus/step2_rep_set.fna
Num OTUs:14
Num new OTUs:0
Num failures:1001
Result path: /home/mark/gitstage/uderica/nordqiime/Aer_Comp/Aer_Comp_Fungi/raw_data/pick//step3_otus/POTU_dCc4_/POTU_dCc4_.4_otus.txt
OtuPicker parameters:
Application:uclust
Similarity:0.97
chimeras_retention:union
enable_rev_strand_matching:True
exact:False
max_accepts:1
max_rejects:8
new_cluster_identifier:denovo
next_new_cluster_number:1
optimal:False
output_dir:/home/mark/gitstage/uderica/nordqiime/Aer_Comp/Aer_Comp_Fungi/raw_data/pick//step3_otus/POTU_dCc4_
prefilter_identical_sequences:True
presort_by_abundance:True
save_uc_files:True
stable_sort:True
stepwords:8
suppress_new_clusters:True
suppress_sort:True
word_length:8
Reference seqs:/home/mark/gitstage/uderica/nordqiime/Aer_Comp/Aer_Comp_Fungi/raw_data/pick/step2_otus/step2_rep_set.fna
Num OTUs:14
Num new OTUs:0
Num failures:670
Result path: /home/mark/gitstage/uderica/nordqiime/Aer_Comp/Aer_Comp_Fungi/raw_data/pick//step3_otus/POTU_dCc4_/POTU_dCc4_.5_otus.txt
OtuPicker parameters:
Application:uclust
Similarity:0.97
chimeras_retention:union
enable_rev_strand_matching:True
exact:False
max_accepts:1
max_rejects:8
new_cluster_identifier:denovo
next_new_cluster_number:1
optimal:False
output_dir:/home/mark/gitstage/uderica/nordqiime/Aer_Comp/Aer_Comp_Fungi/raw_data/pick//step3_otus/POTU_dCc4_
prefilter_identical_sequences:True
presort_by_abundance:True
save_uc_files:True
stable_sort:True
stepwords:8
suppress_new_clusters:True
suppress_sort:True
word_length:8
Reference seqs:/home/mark/gitstage/uderica/nordqiime/Aer_Comp/Aer_Comp_Fungi/raw_data/pick/step2_otus/step2_rep_set.fna
Num OTUs:16
Num new OTUs:0
Num failures:3466
Result path: /home/mark/gitstage/uderica/nordqiime/Aer_Comp/Aer_Comp_Fungi/raw_data/pick//step3_otus/POTU_dCc4_/POTU_dCc4_.6_otus.txt
