BlastTaxonAssigner parameters:
Application:blastn/megablast
Max E value:0.001
Min percent identity:90.0
blast_db:/home/mark/gitstage/uderica/nordqiime/Aer_Comp/Aer_Comp_Fungi/raw_data/pick/blast_assigned_taxonomy/BTA_waZsR_/97_otus.fasta
id_to_taxonomy_filepath:/home/mark/gitstage/uderica/silage/its_12_11_otus/taxonomy/97_otu_taxonomy.txt
Number of sequences inspected: 76
Number with no blast hits: 0
Result path: /tmp/assign-tax0JLtZf
BlastTaxonAssigner parameters:
Application:blastn/megablast
Max E value:0.001
Min percent identity:90.0
blast_db:/home/mark/gitstage/uderica/nordqiime/Aer_Comp/Aer_Comp_Fungi/raw_data/pick/blast_assigned_taxonomy/BTA_waZsR_/97_otus.fasta
id_to_taxonomy_filepath:/home/mark/gitstage/uderica/silage/its_12_11_otus/taxonomy/97_otu_taxonomy.txt
Number of sequences inspected: 76
Number with no blast hits: 0
Result path: /tmp/assign-taxo5OWLQ
BlastTaxonAssigner parameters:
Application:blastn/megablast
Max E value:0.001
Min percent identity:90.0
blast_db:/home/mark/gitstage/uderica/nordqiime/Aer_Comp/Aer_Comp_Fungi/raw_data/pick/blast_assigned_taxonomy/BTA_waZsR_/97_otus.fasta
id_to_taxonomy_filepath:/home/mark/gitstage/uderica/silage/its_12_11_otus/taxonomy/97_otu_taxonomy.txt
Number of sequences inspected: 76
Number with no blast hits: 0
Result path: /tmp/assign-taxYc6jMq
BlastTaxonAssigner parameters:
Application:blastn/megablast
Max E value:0.001
Min percent identity:90.0
blast_db:/home/mark/gitstage/uderica/nordqiime/Aer_Comp/Aer_Comp_Fungi/raw_data/pick/blast_assigned_taxonomy/BTA_waZsR_/97_otus.fasta
id_to_taxonomy_filepath:/home/mark/gitstage/uderica/silage/its_12_11_otus/taxonomy/97_otu_taxonomy.txt
Number of sequences inspected: 76
Number with no blast hits: 1
Result path: /tmp/assign-tax0PQrZs
BlastTaxonAssigner parameters:
Application:blastn/megablast
Max E value:0.001
Min percent identity:90.0
blast_db:/home/mark/gitstage/uderica/nordqiime/Aer_Comp/Aer_Comp_Fungi/raw_data/pick/blast_assigned_taxonomy/BTA_waZsR_/97_otus.fasta
id_to_taxonomy_filepath:/home/mark/gitstage/uderica/silage/its_12_11_otus/taxonomy/97_otu_taxonomy.txt
Number of sequences inspected: 76
Number with no blast hits: 4
Result path: /tmp/assign-taxMlvhPC
BlastTaxonAssigner parameters:
Application:blastn/megablast
Max E value:0.001
Min percent identity:90.0
blast_db:/home/mark/gitstage/uderica/nordqiime/Aer_Comp/Aer_Comp_Fungi/raw_data/pick/blast_assigned_taxonomy/BTA_waZsR_/97_otus.fasta
id_to_taxonomy_filepath:/home/mark/gitstage/uderica/silage/its_12_11_otus/taxonomy/97_otu_taxonomy.txt
Number of sequences inspected: 76
Number with no blast hits: 3
Result path: /tmp/assign-taxi87AjP
BlastTaxonAssigner parameters:
Application:blastn/megablast
Max E value:0.001
Min percent identity:90.0
blast_db:/home/mark/gitstage/uderica/nordqiime/Aer_Comp/Aer_Comp_Fungi/raw_data/pick/blast_assigned_taxonomy/BTA_waZsR_/97_otus.fasta
id_to_taxonomy_filepath:/home/mark/gitstage/uderica/silage/its_12_11_otus/taxonomy/97_otu_taxonomy.txt
Number of sequences inspected: 71
Number with no blast hits: 3
Result path: /tmp/assign-taxvCvF42
