OtuPicker parameters:
Application:uclust
Similarity:0.97
chimeras_retention:union
enable_rev_strand_matching:True
exact:False
max_accepts:1
max_rejects:8
new_cluster_identifier:denovo
next_new_cluster_number:1
optimal:False
output_dir:/home/mark/gitstage/uderica/nordqiime/V-HMC/Fungi/fungi_raw_data/pick//step3_otus/POTU_gWLq_
prefilter_identical_sequences:True
presort_by_abundance:True
save_uc_files:True
stable_sort:True
stepwords:8
suppress_new_clusters:True
suppress_sort:True
word_length:8
Reference seqs:/home/mark/gitstage/uderica/nordqiime/V-HMC/Fungi/fungi_raw_data/pick/step2_otus/step2_rep_set.fna
Num OTUs:11
Num new OTUs:0
Num failures:1250
Result path: /home/mark/gitstage/uderica/nordqiime/V-HMC/Fungi/fungi_raw_data/pick//step3_otus/POTU_gWLq_/POTU_gWLq_.0_otus.txt
OtuPicker parameters:
Application:uclust
Similarity:0.97
chimeras_retention:union
enable_rev_strand_matching:True
exact:False
max_accepts:1
max_rejects:8
new_cluster_identifier:denovo
next_new_cluster_number:1
optimal:False
output_dir:/home/mark/gitstage/uderica/nordqiime/V-HMC/Fungi/fungi_raw_data/pick//step3_otus/POTU_gWLq_
prefilter_identical_sequences:True
presort_by_abundance:True
save_uc_files:True
stable_sort:True
stepwords:8
suppress_new_clusters:True
suppress_sort:True
word_length:8
Reference seqs:/home/mark/gitstage/uderica/nordqiime/V-HMC/Fungi/fungi_raw_data/pick/step2_otus/step2_rep_set.fna
Num OTUs:15
Num new OTUs:0
Num failures:1369
Result path: /home/mark/gitstage/uderica/nordqiime/V-HMC/Fungi/fungi_raw_data/pick//step3_otus/POTU_gWLq_/POTU_gWLq_.1_otus.txt
OtuPicker parameters:
Application:uclust
Similarity:0.97
chimeras_retention:union
enable_rev_strand_matching:True
exact:False
max_accepts:1
max_rejects:8
new_cluster_identifier:denovo
next_new_cluster_number:1
optimal:False
output_dir:/home/mark/gitstage/uderica/nordqiime/V-HMC/Fungi/fungi_raw_data/pick//step3_otus/POTU_gWLq_
prefilter_identical_sequences:True
presort_by_abundance:True
save_uc_files:True
stable_sort:True
stepwords:8
suppress_new_clusters:True
suppress_sort:True
word_length:8
Reference seqs:/home/mark/gitstage/uderica/nordqiime/V-HMC/Fungi/fungi_raw_data/pick/step2_otus/step2_rep_set.fna
Num OTUs:19
Num new OTUs:0
Num failures:2796
Result path: /home/mark/gitstage/uderica/nordqiime/V-HMC/Fungi/fungi_raw_data/pick//step3_otus/POTU_gWLq_/POTU_gWLq_.2_otus.txt
OtuPicker parameters:
Application:uclust
Similarity:0.97
chimeras_retention:union
enable_rev_strand_matching:True
exact:False
max_accepts:1
max_rejects:8
new_cluster_identifier:denovo
next_new_cluster_number:1
optimal:False
output_dir:/home/mark/gitstage/uderica/nordqiime/V-HMC/Fungi/fungi_raw_data/pick//step3_otus/POTU_gWLq_
prefilter_identical_sequences:True
presort_by_abundance:True
save_uc_files:True
stable_sort:True
stepwords:8
suppress_new_clusters:True
suppress_sort:True
word_length:8
Reference seqs:/home/mark/gitstage/uderica/nordqiime/V-HMC/Fungi/fungi_raw_data/pick/step2_otus/step2_rep_set.fna
Num OTUs:22
Num new OTUs:0
Num failures:1845
Result path: /home/mark/gitstage/uderica/nordqiime/V-HMC/Fungi/fungi_raw_data/pick//step3_otus/POTU_gWLq_/POTU_gWLq_.3_otus.txt
OtuPicker parameters:
Application:uclust
Similarity:0.97
chimeras_retention:union
enable_rev_strand_matching:True
exact:False
max_accepts:1
max_rejects:8
new_cluster_identifier:denovo
next_new_cluster_number:1
optimal:False
output_dir:/home/mark/gitstage/uderica/nordqiime/V-HMC/Fungi/fungi_raw_data/pick//step3_otus/POTU_gWLq_
prefilter_identical_sequences:True
presort_by_abundance:True
save_uc_files:True
stable_sort:True
stepwords:8
suppress_new_clusters:True
suppress_sort:True
word_length:8
Reference seqs:/home/mark/gitstage/uderica/nordqiime/V-HMC/Fungi/fungi_raw_data/pick/step2_otus/step2_rep_set.fna
Num OTUs:17
Num new OTUs:0
Num failures:1239
Result path: /home/mark/gitstage/uderica/nordqiime/V-HMC/Fungi/fungi_raw_data/pick//step3_otus/POTU_gWLq_/POTU_gWLq_.4_otus.txt
OtuPicker parameters:
Application:uclust
Similarity:0.97
chimeras_retention:union
enable_rev_strand_matching:True
exact:False
max_accepts:1
max_rejects:8
new_cluster_identifier:denovo
next_new_cluster_number:1
optimal:False
output_dir:/home/mark/gitstage/uderica/nordqiime/V-HMC/Fungi/fungi_raw_data/pick//step3_otus/POTU_gWLq_
prefilter_identical_sequences:True
presort_by_abundance:True
save_uc_files:True
stable_sort:True
stepwords:8
suppress_new_clusters:True
suppress_sort:True
word_length:8
Reference seqs:/home/mark/gitstage/uderica/nordqiime/V-HMC/Fungi/fungi_raw_data/pick/step2_otus/step2_rep_set.fna
Num OTUs:21
Num new OTUs:0
Num failures:5085
Result path: /home/mark/gitstage/uderica/nordqiime/V-HMC/Fungi/fungi_raw_data/pick//step3_otus/POTU_gWLq_/POTU_gWLq_.5_otus.txt
OtuPicker parameters:
Application:uclust
Similarity:0.97
chimeras_retention:union
enable_rev_strand_matching:True
exact:False
max_accepts:1
max_rejects:8
new_cluster_identifier:denovo
next_new_cluster_number:1
optimal:False
output_dir:/home/mark/gitstage/uderica/nordqiime/V-HMC/Fungi/fungi_raw_data/pick//step3_otus/POTU_gWLq_
prefilter_identical_sequences:True
presort_by_abundance:True
save_uc_files:True
stable_sort:True
stepwords:8
suppress_new_clusters:True
suppress_sort:True
word_length:8
Reference seqs:/home/mark/gitstage/uderica/nordqiime/V-HMC/Fungi/fungi_raw_data/pick/step2_otus/step2_rep_set.fna
Num OTUs:20
Num new OTUs:0
Num failures:2565
Result path: /home/mark/gitstage/uderica/nordqiime/V-HMC/Fungi/fungi_raw_data/pick//step3_otus/POTU_gWLq_/POTU_gWLq_.6_otus.txt
