OtuPicker parameters:
Application:uclust
Similarity:0.97
chimeras_retention:union
enable_rev_strand_matching:True
exact:False
max_accepts:1
max_rejects:8
new_cluster_identifier:denovo
next_new_cluster_number:1
optimal:False
output_dir:/home/mark/gitstage/uderica/nordqiime/15_Hil_HMC/Fungi/ITS/pick//step3_otus/POTU_x4eV_
prefilter_identical_sequences:True
presort_by_abundance:True
save_uc_files:True
stable_sort:True
stepwords:8
suppress_new_clusters:True
suppress_sort:True
word_length:8
Reference seqs:/home/mark/gitstage/uderica/nordqiime/15_Hil_HMC/Fungi/ITS/pick/step2_otus/step2_rep_set.fna
Num OTUs:55
Num new OTUs:0
Num failures:11110
Result path: /home/mark/gitstage/uderica/nordqiime/15_Hil_HMC/Fungi/ITS/pick//step3_otus/POTU_x4eV_/POTU_x4eV_.0_otus.txt
OtuPicker parameters:
Application:uclust
Similarity:0.97
chimeras_retention:union
enable_rev_strand_matching:True
exact:False
max_accepts:1
max_rejects:8
new_cluster_identifier:denovo
next_new_cluster_number:1
optimal:False
output_dir:/home/mark/gitstage/uderica/nordqiime/15_Hil_HMC/Fungi/ITS/pick//step3_otus/POTU_x4eV_
prefilter_identical_sequences:True
presort_by_abundance:True
save_uc_files:True
stable_sort:True
stepwords:8
suppress_new_clusters:True
suppress_sort:True
word_length:8
Reference seqs:/home/mark/gitstage/uderica/nordqiime/15_Hil_HMC/Fungi/ITS/pick/step2_otus/step2_rep_set.fna
Num OTUs:48
Num new OTUs:0
Num failures:8870
Result path: /home/mark/gitstage/uderica/nordqiime/15_Hil_HMC/Fungi/ITS/pick//step3_otus/POTU_x4eV_/POTU_x4eV_.1_otus.txt
OtuPicker parameters:
Application:uclust
Similarity:0.97
chimeras_retention:union
enable_rev_strand_matching:True
exact:False
max_accepts:1
max_rejects:8
new_cluster_identifier:denovo
next_new_cluster_number:1
optimal:False
output_dir:/home/mark/gitstage/uderica/nordqiime/15_Hil_HMC/Fungi/ITS/pick//step3_otus/POTU_x4eV_
prefilter_identical_sequences:True
presort_by_abundance:True
save_uc_files:True
stable_sort:True
stepwords:8
suppress_new_clusters:True
suppress_sort:True
word_length:8
Reference seqs:/home/mark/gitstage/uderica/nordqiime/15_Hil_HMC/Fungi/ITS/pick/step2_otus/step2_rep_set.fna
Num OTUs:50
Num new OTUs:0
Num failures:10670
Result path: /home/mark/gitstage/uderica/nordqiime/15_Hil_HMC/Fungi/ITS/pick//step3_otus/POTU_x4eV_/POTU_x4eV_.2_otus.txt
OtuPicker parameters:
Application:uclust
Similarity:0.97
chimeras_retention:union
enable_rev_strand_matching:True
exact:False
max_accepts:1
max_rejects:8
new_cluster_identifier:denovo
next_new_cluster_number:1
optimal:False
output_dir:/home/mark/gitstage/uderica/nordqiime/15_Hil_HMC/Fungi/ITS/pick//step3_otus/POTU_x4eV_
prefilter_identical_sequences:True
presort_by_abundance:True
save_uc_files:True
stable_sort:True
stepwords:8
suppress_new_clusters:True
suppress_sort:True
word_length:8
Reference seqs:/home/mark/gitstage/uderica/nordqiime/15_Hil_HMC/Fungi/ITS/pick/step2_otus/step2_rep_set.fna
Num OTUs:57
Num new OTUs:0
Num failures:9913
Result path: /home/mark/gitstage/uderica/nordqiime/15_Hil_HMC/Fungi/ITS/pick//step3_otus/POTU_x4eV_/POTU_x4eV_.3_otus.txt
OtuPicker parameters:
Application:uclust
Similarity:0.97
chimeras_retention:union
enable_rev_strand_matching:True
exact:False
max_accepts:1
max_rejects:8
new_cluster_identifier:denovo
next_new_cluster_number:1
optimal:False
output_dir:/home/mark/gitstage/uderica/nordqiime/15_Hil_HMC/Fungi/ITS/pick//step3_otus/POTU_x4eV_
prefilter_identical_sequences:True
presort_by_abundance:True
save_uc_files:True
stable_sort:True
stepwords:8
suppress_new_clusters:True
suppress_sort:True
word_length:8
Reference seqs:/home/mark/gitstage/uderica/nordqiime/15_Hil_HMC/Fungi/ITS/pick/step2_otus/step2_rep_set.fna
Num OTUs:34
Num new OTUs:0
Num failures:7460
Result path: /home/mark/gitstage/uderica/nordqiime/15_Hil_HMC/Fungi/ITS/pick//step3_otus/POTU_x4eV_/POTU_x4eV_.4_otus.txt
OtuPicker parameters:
Application:uclust
Similarity:0.97
chimeras_retention:union
enable_rev_strand_matching:True
exact:False
max_accepts:1
max_rejects:8
new_cluster_identifier:denovo
next_new_cluster_number:1
optimal:False
output_dir:/home/mark/gitstage/uderica/nordqiime/15_Hil_HMC/Fungi/ITS/pick//step3_otus/POTU_x4eV_
prefilter_identical_sequences:True
presort_by_abundance:True
save_uc_files:True
stable_sort:True
stepwords:8
suppress_new_clusters:True
suppress_sort:True
word_length:8
Reference seqs:/home/mark/gitstage/uderica/nordqiime/15_Hil_HMC/Fungi/ITS/pick/step2_otus/step2_rep_set.fna
Num OTUs:36
Num new OTUs:0
Num failures:4182
Result path: /home/mark/gitstage/uderica/nordqiime/15_Hil_HMC/Fungi/ITS/pick//step3_otus/POTU_x4eV_/POTU_x4eV_.5_otus.txt
OtuPicker parameters:
Application:uclust
Similarity:0.97
chimeras_retention:union
enable_rev_strand_matching:True
exact:False
max_accepts:1
max_rejects:8
new_cluster_identifier:denovo
next_new_cluster_number:1
optimal:False
output_dir:/home/mark/gitstage/uderica/nordqiime/15_Hil_HMC/Fungi/ITS/pick//step3_otus/POTU_x4eV_
prefilter_identical_sequences:True
presort_by_abundance:True
save_uc_files:True
stable_sort:True
stepwords:8
suppress_new_clusters:True
suppress_sort:True
word_length:8
Reference seqs:/home/mark/gitstage/uderica/nordqiime/15_Hil_HMC/Fungi/ITS/pick/step2_otus/step2_rep_set.fna
Num OTUs:41
Num new OTUs:0
Num failures:10073
Result path: /home/mark/gitstage/uderica/nordqiime/15_Hil_HMC/Fungi/ITS/pick//step3_otus/POTU_x4eV_/POTU_x4eV_.6_otus.txt
