[2017-09-13 21:08:01,424] multiqc                                            [DEBUG  ]  No MultiQC config found: /usr/local/lib/python2.7/dist-packages/multiqc_config.yaml
[2017-09-13 21:08:01,425] multiqc                                            [DEBUG  ]  No MultiQC config found: /home/mark/.multiqc_config.yaml
[2017-09-13 21:08:01,426] multiqc                                            [DEBUG  ]  Loading config settings from: multiqc_config.yaml
[2017-09-13 21:08:01,426] multiqc                                            [DEBUG  ]  New config 'read_count_prefix': K
[2017-09-13 21:08:01,426] multiqc                                            [DEBUG  ]  New config 'read_count_multiplier': 0.001
[2017-09-13 21:08:01,426] multiqc                                            [DEBUG  ]  New config 'read_count_desc': thousands
[2017-09-13 21:08:01,427] multiqc                                            [DEBUG  ]  Loading config settings from: /home/mark/gitstage/uderica/nordqiime/multiqc_config.yaml
[2017-09-13 21:08:01,427] multiqc                                            [DEBUG  ]  New config 'read_count_prefix': K
[2017-09-13 21:08:01,427] multiqc                                            [DEBUG  ]  New config 'read_count_multiplier': 0.001
[2017-09-13 21:08:01,427] multiqc                                            [DEBUG  ]  New config 'read_count_desc': thousands
[2017-09-13 21:08:01,427] multiqc                                            [DEBUG  ]  Command used: /usr/local/bin/multiqc --config /home/mark/gitstage/uderica/nordqiime/multiqc_config.yaml /home/mark/gitstage/uderica/nordqiime/Aer_Comp/Aer_Comp_Fungi/raw_data -o /home/mark/gitstage/uderica/nordqiime/Aer_Comp/Aer_Comp_Fungi/raw_data
[2017-09-13 21:08:01,938] multiqc                                            [WARNING]  MultiQC Version v1.2 now available!
[2017-09-13 21:08:01,938] multiqc                                            [INFO   ]  This is MultiQC v1.1
[2017-09-13 21:08:01,938] multiqc                                            [DEBUG  ]  Command     : /usr/local/bin/multiqc --config /home/mark/gitstage/uderica/nordqiime/multiqc_config.yaml /home/mark/gitstage/uderica/nordqiime/Aer_Comp/Aer_Comp_Fungi/raw_data -o /home/mark/gitstage/uderica/nordqiime/Aer_Comp/Aer_Comp_Fungi/raw_data
[2017-09-13 21:08:01,938] multiqc                                            [DEBUG  ]  Working dir : /home/mark/gitstage/uderica/nordqiime
[2017-09-13 21:08:01,938] multiqc                                            [INFO   ]  Template    : default
[2017-09-13 21:08:01,939] multiqc                                            [INFO   ]  Searching '/home/mark/gitstage/uderica/nordqiime/Aer_Comp/Aer_Comp_Fungi/raw_data'
[2017-09-13 21:08:01,939] multiqc                                            [DEBUG  ]  Analysing modules: custom_content, conpair, peddy, methylQA, qualimap, preseq, quast, qorts, rna_seqc, rseqc, busco, goleft_indexcov, disambiguate, homer, macs2, theta2, snpeff, gatk, htseq, bcftools, featureCounts, picard, prokka, samblaster, samtools, bamtools, jellyfish, bismark, hicup, salmon, kallisto, slamdunk, star, hisat2, tophat, bowtie2, bowtie1, adapterRemoval, cutadapt, flexbar, trimmomatic, skewer, sortmerna, biobloomtools, fastq_screen, fastqc, clusterflow
[2017-09-13 21:08:01,939] multiqc                                            [DEBUG  ]  Using temporary directory for creating report: /tmp/tmpCzqPNF
[2017-09-13 21:08:01,976] multiqc                                            [DEBUG  ]  Ignoring file as matched an ignore pattern: 4924-658-MSITS2a_R2_fastqc.html
[2017-09-13 21:08:01,976] multiqc                                            [DEBUG  ]  Ignoring file as matched an ignore pattern: 4924-697-MSITS2a_R2.fastq
[2017-09-13 21:08:01,977] multiqc                                            [DEBUG  ]  Ignoring file as matched an ignore pattern: 4924-662-MSITS2a_R1.fastq
[2017-09-13 21:08:01,977] multiqc                                            [DEBUG  ]  Ignoring file as matched an ignore pattern: 4924-694-MSITS2a_R1.fastq
[2017-09-13 21:08:01,977] multiqc                                            [DEBUG  ]  Ignoring file as matched an ignore pattern: 4924-663-MSITS2a_R1.fastq
[2017-09-13 21:08:01,977] multiqc                                            [DEBUG  ]  Ignoring file as matched an ignore pattern: 4924-697-MSITS2a_R1.fastq
[2017-09-13 21:08:01,977] multiqc                                            [DEBUG  ]  Ignoring file as matched an ignore pattern: 4924-694-MSITS2a_R2.fastq
[2017-09-13 21:08:01,978] multiqc                                            [DEBUG  ]  Ignoring file as matched an ignore pattern: 4924-693-MSITS2a_R1_fastqc.html
[2017-09-13 21:08:01,978] multiqc                                            [DEBUG  ]  Ignoring file as matched an ignore pattern: 4924-692-MSITS2a_R2_fastqc.html
[2017-09-13 21:08:01,978] multiqc                                            [DEBUG  ]  Ignoring file as matched an ignore pattern: 4924-674-MSITS2a_R2_fastqc.html
[2017-09-13 21:08:01,978] multiqc                                            [DEBUG  ]  Ignoring file as matched an ignore pattern: 4924-679-MSITS2a_R2.fastq
[2017-09-13 21:08:01,979] multiqc                                            [DEBUG  ]  Ignoring file as matched an ignore pattern: 4924-662-MSITS2a_R2_fastqc.html
[2017-09-13 21:08:01,979] multiqc                                            [DEBUG  ]  Ignoring file as matched an ignore pattern: 4924-664-MSITS2a_R2.fastq
[2017-09-13 21:08:01,979] multiqc                                            [DEBUG  ]  Ignoring file as matched an ignore pattern: 4924-694-MSITS2a_R2_fastqc.html
[2017-09-13 21:08:01,980] multiqc                                            [DEBUG  ]  Ignoring file as matched an ignore pattern: 4924-693-MSITS2a_R1.fastq
[2017-09-13 21:08:01,980] multiqc                                            [DEBUG  ]  Ignoring file as matched an ignore pattern: 4924-672-MSITS2a_R2_fastqc.html
[2017-09-13 21:08:01,980] multiqc                                            [DEBUG  ]  Ignoring file as matched an ignore pattern: 4924-659-MSITS2a_R2_fastqc.html
[2017-09-13 21:08:01,981] multiqc                                            [DEBUG  ]  Ignoring file as matched an ignore pattern: 4924-692-MSITS2a_R2.fastq
[2017-09-13 21:08:01,981] multiqc                                            [DEBUG  ]  Ignoring file as matched an ignore pattern: 4924-675-MSITS2a_R2.fastq
[2017-09-13 21:08:01,981] multiqc                                            [DEBUG  ]  Ignoring file as matched an ignore pattern: 4924-670-MSITS2a_R2.fastq
[2017-09-13 21:08:01,981] multiqc                                            [DEBUG  ]  Ignoring file as matched an ignore pattern: 4924-667-MSITS2a_R1.fastq
[2017-09-13 21:08:01,981] multiqc                                            [DEBUG  ]  Ignoring file as matched an ignore pattern: 4924-698-MSITS2a_R1.fastq
[2017-09-13 21:08:01,982] multiqc                                            [DEBUG  ]  Ignoring file as matched an ignore pattern: 4924-663-MSITS2a_R2.fastq
[2017-09-13 21:08:01,982] multiqc                                            [DEBUG  ]  Ignoring file as matched an ignore pattern: 4924-675-MSITS2a_R1_fastqc.html
[2017-09-13 21:08:01,982] multiqc                                            [DEBUG  ]  Ignoring file as matched an ignore pattern: 4924-678-MSITS2a_R1.fastq
[2017-09-13 21:08:01,982] multiqc                                            [DEBUG  ]  Ignoring file as matched an ignore pattern: 4924-679-MSITS2a_R1_fastqc.html
[2017-09-13 21:08:01,982] multiqc                                            [DEBUG  ]  Ignoring file as matched an ignore pattern: 4924-698-MSITS2a_R2_fastqc.html
[2017-09-13 21:08:01,983] multiqc                                            [DEBUG  ]  Ignoring file as matched an ignore pattern: 4924-700-MSITS2a_R1.fastq
[2017-09-13 21:08:01,983] multiqc                                            [DEBUG  ]  Ignoring file as matched an ignore pattern: 4924-674-MSITS2a_R1.fastq
[2017-09-13 21:08:01,984] multiqc                                            [DEBUG  ]  Ignoring file as matched an ignore pattern: 4924-663-MSITS2a_R1_fastqc.html
[2017-09-13 21:08:01,984] multiqc                                            [DEBUG  ]  Ignoring file as matched an ignore pattern: 4924-669-MSITS2a_R2.fastq
[2017-09-13 21:08:01,985] multiqc                                            [DEBUG  ]  Ignoring file as matched an ignore pattern: 4924-659-MSITS2a_R1_fastqc.html
[2017-09-13 21:08:01,985] multiqc                                            [DEBUG  ]  Ignoring file as matched an ignore pattern: 4924-663-MSITS2a_R2_fastqc.html
[2017-09-13 21:08:01,985] multiqc                                            [DEBUG  ]  Ignoring file as matched an ignore pattern: 4924-669-MSITS2a_R2_fastqc.html
[2017-09-13 21:08:01,985] multiqc                                            [DEBUG  ]  Ignoring file as matched an ignore pattern: 4924-657-MSITS2a_R2_fastqc.html
[2017-09-13 21:08:01,986] multiqc                                            [DEBUG  ]  Ignoring file as matched an ignore pattern: 4924-679-MSITS2a_R1.fastq
[2017-09-13 21:08:01,986] multiqc                                            [DEBUG  ]  Ignoring file as matched an ignore pattern: 4924-700-MSITS2a_R2.fastq
[2017-09-13 21:08:01,986] multiqc                                            [DEBUG  ]  Ignoring file as matched an ignore pattern: 4924-674-MSITS2a_R1_fastqc.html
[2017-09-13 21:08:01,986] multiqc                                            [DEBUG  ]  Ignoring file as matched an ignore pattern: 4924-669-MSITS2a_R1.fastq
[2017-09-13 21:08:01,986] multiqc                                            [DEBUG  ]  Ignoring file as matched an ignore pattern: 4924-672-MSITS2a_R1_fastqc.html
[2017-09-13 21:08:01,986] multiqc                                            [DEBUG  ]  Ignoring file as matched an ignore pattern: 4924-698-MSITS2a_R2.fastq
[2017-09-13 21:08:01,986] multiqc                                            [DEBUG  ]  Ignoring file as matched an ignore pattern: 4924-678-MSITS2a_R2.fastq
[2017-09-13 21:08:01,986] multiqc                                            [DEBUG  ]  Ignoring file as matched an ignore pattern: 4924-665-MSITS2a_R2.fastq
[2017-09-13 21:08:01,987] multiqc                                            [DEBUG  ]  Ignoring file as matched an ignore pattern: 4924-670-MSITS2a_R1_fastqc.html
[2017-09-13 21:08:01,987] multiqc                                            [DEBUG  ]  Ignoring file as matched an ignore pattern: 4924-679-MSITS2a_R2_fastqc.html
[2017-09-13 21:08:01,987] multiqc                                            [DEBUG  ]  Ignoring file as matched an ignore pattern: 4924-662-MSITS2a_R2.fastq
[2017-09-13 21:08:01,987] multiqc                                            [DEBUG  ]  Ignoring file as matched an ignore pattern: 4924-664-MSITS2a_R2_fastqc.html
[2017-09-13 21:08:01,987] multiqc                                            [DEBUG  ]  Ignoring file as matched an ignore pattern: 4924-667-MSITS2a_R2.fastq
[2017-09-13 21:08:01,988] multiqc                                            [DEBUG  ]  Ignoring file as matched an ignore pattern: 4924-678-MSITS2a_R2_fastqc.html
[2017-09-13 21:08:01,988] multiqc                                            [DEBUG  ]  Ignoring file as matched an ignore pattern: 4924-665-MSITS2a_R1_fastqc.html
[2017-09-13 21:08:01,988] multiqc                                            [DEBUG  ]  Ignoring file as matched an ignore pattern: 4924-672-MSITS2a_R2.fastq
[2017-09-13 21:08:01,989] multiqc                                            [DEBUG  ]  Ignoring file as matched an ignore pattern: 4924-662-MSITS2a_R1_fastqc.html
[2017-09-13 21:08:01,989] multiqc                                            [DEBUG  ]  Ignoring file as matched an ignore pattern: 4924-660-MSITS2a_R1_fastqc.html
[2017-09-13 21:08:01,989] multiqc                                            [DEBUG  ]  Ignoring file as matched an ignore pattern: 4924-664-MSITS2a_R1_fastqc.html
[2017-09-13 21:08:01,989] multiqc                                            [DEBUG  ]  Ignoring file as matched an ignore pattern: 4924-673-MSITS2a_R1_fastqc.html
[2017-09-13 21:08:01,990] multiqc                                            [DEBUG  ]  Ignoring file as matched an ignore pattern: 4924-677-MSITS2a_R1.fastq
[2017-09-13 21:08:01,990] multiqc                                            [DEBUG  ]  Ignoring file as matched an ignore pattern: 4924-668-MSITS2a_R1.fastq
[2017-09-13 21:08:01,990] multiqc                                            [DEBUG  ]  Ignoring file as matched an ignore pattern: 4924-668-MSITS2a_R2_fastqc.html
[2017-09-13 21:08:01,990] multiqc                                            [DEBUG  ]  Ignoring file as matched an ignore pattern: 4924-677-MSITS2a_R2.fastq
[2017-09-13 21:08:01,990] multiqc                                            [DEBUG  ]  Ignoring file as matched an ignore pattern: 4924-665-MSITS2a_R1.fastq
[2017-09-13 21:08:01,991] multiqc                                            [DEBUG  ]  Ignoring file as matched an ignore pattern: 4924-692-MSITS2a_R1.fastq
[2017-09-13 21:08:01,991] multiqc                                            [DEBUG  ]  Ignoring file as matched an ignore pattern: 4924-697-MSITS2a_R2_fastqc.html
[2017-09-13 21:08:01,991] multiqc                                            [DEBUG  ]  Ignoring file as matched an ignore pattern: 4924-695-MSITS2a_R2.fastq
[2017-09-13 21:08:01,991] multiqc                                            [DEBUG  ]  Ignoring file as matched an ignore pattern: 4924-664-MSITS2a_R1.fastq
[2017-09-13 21:08:01,991] multiqc                                            [DEBUG  ]  Ignoring file as matched an ignore pattern: 4924-700-MSITS2a_R1_fastqc.html
[2017-09-13 21:08:01,992] multiqc                                            [DEBUG  ]  Ignoring file as matched an ignore pattern: 4924-673-MSITS2a_R1.fastq
[2017-09-13 21:08:01,992] multiqc                                            [DEBUG  ]  Ignoring file as matched an ignore pattern: 4924-660-MSITS2a_R2.fastq
[2017-09-13 21:08:01,992] multiqc                                            [DEBUG  ]  Ignoring file as matched an ignore pattern: 4924-700-MSITS2a_R2_fastqc.html
[2017-09-13 21:08:01,992] multiqc                                            [DEBUG  ]  Ignoring file as matched an ignore pattern: 4924-673-MSITS2a_R2.fastq
[2017-09-13 21:08:01,992] multiqc                                            [DEBUG  ]  Ignoring file as matched an ignore pattern: 4924-699-MSITS2a_R1_fastqc.html
[2017-09-13 21:08:01,993] multiqc                                            [DEBUG  ]  Ignoring file as matched an ignore pattern: 4924-660-MSITS2a_R2_fastqc.html
[2017-09-13 21:08:01,993] multiqc                                            [DEBUG  ]  Ignoring file as matched an ignore pattern: 4924-680-MSITS2a_R2_fastqc.html
[2017-09-13 21:08:01,993] multiqc                                            [DEBUG  ]  Ignoring file as matched an ignore pattern: 4924-698-MSITS2a_R1_fastqc.html
[2017-09-13 21:08:01,993] multiqc                                            [DEBUG  ]  Ignoring file as matched an ignore pattern: 4924-675-MSITS2a_R1.fastq
[2017-09-13 21:08:01,994] multiqc                                            [DEBUG  ]  Ignoring file as matched an ignore pattern: 4924-677-MSITS2a_R1_fastqc.html
[2017-09-13 21:08:01,994] multiqc                                            [DEBUG  ]  Ignoring file as matched an ignore pattern: 4924-657-MSITS2a_R1_fastqc.html
[2017-09-13 21:08:01,994] multiqc                                            [DEBUG  ]  Ignoring file as matched an ignore pattern: 4924-680-MSITS2a_R1.fastq
[2017-09-13 21:08:01,994] multiqc                                            [DEBUG  ]  Ignoring file as matched an ignore pattern: 4924-677-MSITS2a_R2_fastqc.html
[2017-09-13 21:08:01,994] multiqc                                            [DEBUG  ]  Ignoring file as matched an ignore pattern: 4924-657-MSITS2a_R2.fastq
[2017-09-13 21:08:01,994] multiqc                                            [DEBUG  ]  Ignoring file as matched an ignore pattern: 4924-660-MSITS2a_R1.fastq
[2017-09-13 21:08:01,994] multiqc                                            [DEBUG  ]  Ignoring file as matched an ignore pattern: 4924-658-MSITS2a_R1_fastqc.html
[2017-09-13 21:08:01,994] multiqc                                            [DEBUG  ]  Ignoring file as matched an ignore pattern: 4924-667-MSITS2a_R1_fastqc.html
[2017-09-13 21:08:01,995] multiqc                                            [DEBUG  ]  Ignoring file as matched an ignore pattern: 4924-697-MSITS2a_R1_fastqc.html
[2017-09-13 21:08:01,995] multiqc                                            [DEBUG  ]  Ignoring file as matched an ignore pattern: 4924-695-MSITS2a_R1.fastq
[2017-09-13 21:08:01,995] multiqc                                            [DEBUG  ]  Ignoring file as matched an ignore pattern: 4924-678-MSITS2a_R1_fastqc.html
[2017-09-13 21:08:01,995] multiqc                                            [DEBUG  ]  Ignoring file as matched an ignore pattern: 4924-658-MSITS2a_R1.fastq
[2017-09-13 21:08:01,995] multiqc                                            [DEBUG  ]  Ignoring file as matched an ignore pattern: 4924-692-MSITS2a_R1_fastqc.html
[2017-09-13 21:08:01,996] multiqc                                            [DEBUG  ]  Ignoring file as matched an ignore pattern: 4924-670-MSITS2a_R1.fastq
[2017-09-13 21:08:01,996] multiqc                                            [DEBUG  ]  Ignoring file as matched an ignore pattern: 4924-673-MSITS2a_R2_fastqc.html
[2017-09-13 21:08:01,997] multiqc                                            [DEBUG  ]  Ignoring file as matched an ignore pattern: 4924-680-MSITS2a_R1_fastqc.html
[2017-09-13 21:08:01,997] multiqc                                            [DEBUG  ]  Ignoring file as matched an ignore pattern: 4924-668-MSITS2a_R1_fastqc.html
[2017-09-13 21:08:01,998] multiqc                                            [DEBUG  ]  Ignoring file as matched an ignore pattern: 4924-667-MSITS2a_R2_fastqc.html
[2017-09-13 21:08:01,998] multiqc                                            [DEBUG  ]  Ignoring file as matched an ignore pattern: 4924-699-MSITS2a_R2_fastqc.html
[2017-09-13 21:08:01,998] multiqc                                            [DEBUG  ]  Ignoring file as matched an ignore pattern: 4924-699-MSITS2a_R2.fastq
[2017-09-13 21:08:01,998] multiqc                                            [DEBUG  ]  Ignoring file as matched an ignore pattern: 4924-674-MSITS2a_R2.fastq
[2017-09-13 21:08:01,998] multiqc                                            [DEBUG  ]  Ignoring file as matched an ignore pattern: 4924-657-MSITS2a_R1.fastq
[2017-09-13 21:08:01,999] multiqc                                            [DEBUG  ]  Ignoring file as matched an ignore pattern: 4924-659-MSITS2a_R2.fastq
[2017-09-13 21:08:01,999] multiqc                                            [DEBUG  ]  Ignoring file as matched an ignore pattern: 4924-672-MSITS2a_R1.fastq
[2017-09-13 21:08:01,999] multiqc                                            [DEBUG  ]  Ignoring file as matched an ignore pattern: 4924-665-MSITS2a_R2_fastqc.html
[2017-09-13 21:08:01,999] multiqc                                            [DEBUG  ]  Ignoring file as matched an ignore pattern: 4924-675-MSITS2a_R2_fastqc.html
[2017-09-13 21:08:02,000] multiqc                                            [DEBUG  ]  Ignoring file as matched an ignore pattern: 4924-699-MSITS2a_R1.fastq
[2017-09-13 21:08:02,000] multiqc                                            [DEBUG  ]  Ignoring file as matched an ignore pattern: 4924-668-MSITS2a_R2.fastq
[2017-09-13 21:08:02,000] multiqc                                            [DEBUG  ]  Ignoring file as matched an ignore pattern: 4924-669-MSITS2a_R1_fastqc.html
[2017-09-13 21:08:02,000] multiqc                                            [DEBUG  ]  Ignoring file as matched an ignore pattern: 4924-659-MSITS2a_R1.fastq
[2017-09-13 21:08:02,000] multiqc                                            [DEBUG  ]  Ignoring file as matched an ignore pattern: 4924-695-MSITS2a_R1_fastqc.html
[2017-09-13 21:08:02,001] multiqc                                            [DEBUG  ]  Ignoring file as matched an ignore pattern: 4924-680-MSITS2a_R2.fastq
[2017-09-13 21:08:02,001] multiqc                                            [DEBUG  ]  Ignoring file as matched an ignore pattern: 4924-670-MSITS2a_R2_fastqc.html
[2017-09-13 21:08:02,003] multiqc                                            [DEBUG  ]  Ignoring file as matched an ignore pattern: 4924-695-MSITS2a_R2_fastqc.html
[2017-09-13 21:08:02,003] multiqc                                            [DEBUG  ]  Ignoring file as matched an ignore pattern: 4924-694-MSITS2a_R1_fastqc.html
[2017-09-13 21:08:02,004] multiqc                                            [DEBUG  ]  Ignoring file as matched an ignore pattern: 4924-693-MSITS2a_R2.fastq
[2017-09-13 21:08:02,004] multiqc                                            [DEBUG  ]  Ignoring file as matched an ignore pattern: 4924-658-MSITS2a_R2.fastq
[2017-09-13 21:08:02,004] multiqc                                            [DEBUG  ]  Ignoring file as matched an ignore pattern: 4924-693-MSITS2a_R2_fastqc.html
[2017-09-13 21:08:02,150] multiqc.modules.custom_content.custom_content      [DEBUG  ]  No custom content found
[2017-09-13 21:08:02,152] multiqc.modules.conpair.conpair                    [DEBUG  ]  Could not find any reports in ('/home/mark/gitstage/uderica/nordqiime/Aer_Comp/Aer_Comp_Fungi/raw_data',)
[2017-09-13 21:08:02,153] multiqc.modules.peddy.peddy                        [DEBUG  ]  Could not find any reports in ('/home/mark/gitstage/uderica/nordqiime/Aer_Comp/Aer_Comp_Fungi/raw_data',)
[2017-09-13 21:08:02,155] multiqc.modules.methylQA.methylQA                  [DEBUG  ]  Could not find any reports in ('/home/mark/gitstage/uderica/nordqiime/Aer_Comp/Aer_Comp_Fungi/raw_data',)
[2017-09-13 21:08:02,156] multiqc.modules.qualimap.QM_BamQC                  [DEBUG  ]  Using default Qualimap thresholds: 1, 5, 10, 30, 50
[2017-09-13 21:08:02,156] multiqc.modules.qualimap.qualimap                  [DEBUG  ]  Could not find any reports in ('/home/mark/gitstage/uderica/nordqiime/Aer_Comp/Aer_Comp_Fungi/raw_data',)
[2017-09-13 21:08:02,158] multiqc.modules.preseq.preseq                      [DEBUG  ]  Could not find any preseq data in ('/home/mark/gitstage/uderica/nordqiime/Aer_Comp/Aer_Comp_Fungi/raw_data',)
[2017-09-13 21:08:02,159] multiqc.modules.quast.quast                        [DEBUG  ]  Could not find any reports in ('/home/mark/gitstage/uderica/nordqiime/Aer_Comp/Aer_Comp_Fungi/raw_data',)
[2017-09-13 21:08:02,160] multiqc.modules.qorts.qorts                        [DEBUG  ]  Could not find any QoRTs data in ('/home/mark/gitstage/uderica/nordqiime/Aer_Comp/Aer_Comp_Fungi/raw_data',)
[2017-09-13 21:08:02,162] multiqc.modules.rna_seqc.rna_seqc                  [DEBUG  ]  Could not find any RNA-SeQC data in ('/home/mark/gitstage/uderica/nordqiime/Aer_Comp/Aer_Comp_Fungi/raw_data',)
[2017-09-13 21:08:02,168] multiqc.modules.rseqc.rseqc                        [DEBUG  ]  Could not find any reports in ('/home/mark/gitstage/uderica/nordqiime/Aer_Comp/Aer_Comp_Fungi/raw_data',)
[2017-09-13 21:08:02,172] multiqc.modules.busco.busco                        [DEBUG  ]  Could not find any reports in ('/home/mark/gitstage/uderica/nordqiime/Aer_Comp/Aer_Comp_Fungi/raw_data',)
[2017-09-13 21:08:02,177] multiqc.modules.goleft_indexcov.goleft_indexcov    [DEBUG  ]  Did not find goleft indexcov outputs in ('/home/mark/gitstage/uderica/nordqiime/Aer_Comp/Aer_Comp_Fungi/raw_data',)
[2017-09-13 21:08:02,179] multiqc.modules.disambiguate.disambiguate          [DEBUG  ]  Could not find any data in ('/home/mark/gitstage/uderica/nordqiime/Aer_Comp/Aer_Comp_Fungi/raw_data',)
[2017-09-13 21:08:02,181] multiqc.modules.homer.homer                        [DEBUG  ]  Could not find any reports in ('/home/mark/gitstage/uderica/nordqiime/Aer_Comp/Aer_Comp_Fungi/raw_data',)
[2017-09-13 21:08:02,183] multiqc.modules.macs2.macs2                        [DEBUG  ]  Could not find any MACS2 data in ('/home/mark/gitstage/uderica/nordqiime/Aer_Comp/Aer_Comp_Fungi/raw_data',)
[2017-09-13 21:08:02,184] multiqc.modules.theta2.theta2                      [DEBUG  ]  Could not find any reports in ('/home/mark/gitstage/uderica/nordqiime/Aer_Comp/Aer_Comp_Fungi/raw_data',)
[2017-09-13 21:08:02,186] multiqc.modules.snpeff.snpeff                      [DEBUG  ]  Could not find any data in ('/home/mark/gitstage/uderica/nordqiime/Aer_Comp/Aer_Comp_Fungi/raw_data',)
[2017-09-13 21:08:02,187] multiqc.modules.gatk.gatk                          [DEBUG  ]  Could not find any reports in ('/home/mark/gitstage/uderica/nordqiime/Aer_Comp/Aer_Comp_Fungi/raw_data',)
[2017-09-13 21:08:02,189] multiqc.modules.htseq.htseq                        [DEBUG  ]  Could not find any reports in ('/home/mark/gitstage/uderica/nordqiime/Aer_Comp/Aer_Comp_Fungi/raw_data',)
[2017-09-13 21:08:02,190] multiqc.modules.bcftools.bcftools                  [DEBUG  ]  Could not find any reports in ('/home/mark/gitstage/uderica/nordqiime/Aer_Comp/Aer_Comp_Fungi/raw_data',)
[2017-09-13 21:08:02,191] multiqc.modules.featureCounts.feature_counts       [DEBUG  ]  Could not find any reports in ('/home/mark/gitstage/uderica/nordqiime/Aer_Comp/Aer_Comp_Fungi/raw_data',)
[2017-09-13 21:08:02,193] multiqc.modules.picard.picard                      [DEBUG  ]  Could not find any reports in ('/home/mark/gitstage/uderica/nordqiime/Aer_Comp/Aer_Comp_Fungi/raw_data',)
[2017-09-13 21:08:02,195] multiqc.modules.prokka.prokka                      [DEBUG  ]  Could not find any Prokka data in ('/home/mark/gitstage/uderica/nordqiime/Aer_Comp/Aer_Comp_Fungi/raw_data',)
[2017-09-13 21:08:02,196] multiqc.modules.samblaster.samblaster              [DEBUG  ]  Could not find any data in ('/home/mark/gitstage/uderica/nordqiime/Aer_Comp/Aer_Comp_Fungi/raw_data',)
[2017-09-13 21:08:02,198] multiqc.modules.samtools.samtools                  [DEBUG  ]  Could not find any reports in ('/home/mark/gitstage/uderica/nordqiime/Aer_Comp/Aer_Comp_Fungi/raw_data',)
[2017-09-13 21:08:02,199] multiqc.modules.bamtools.bamtools                  [DEBUG  ]  Could not find any reports in ('/home/mark/gitstage/uderica/nordqiime/Aer_Comp/Aer_Comp_Fungi/raw_data',)
[2017-09-13 21:08:02,201] multiqc.modules.jellyfish.jellyfish                [DEBUG  ]  Could not find any data in ('/home/mark/gitstage/uderica/nordqiime/Aer_Comp/Aer_Comp_Fungi/raw_data',)
[2017-09-13 21:08:02,202] multiqc.modules.bismark.bismark                    [DEBUG  ]  Could not find any reports in ('/home/mark/gitstage/uderica/nordqiime/Aer_Comp/Aer_Comp_Fungi/raw_data',)
[2017-09-13 21:08:02,203] multiqc.modules.hicup.hicup                        [DEBUG  ]  Could not find any HiCUP data in ('/home/mark/gitstage/uderica/nordqiime/Aer_Comp/Aer_Comp_Fungi/raw_data',)
[2017-09-13 21:08:02,205] multiqc.modules.salmon.salmon                      [DEBUG  ]  Could not find any Salmon data in ('/home/mark/gitstage/uderica/nordqiime/Aer_Comp/Aer_Comp_Fungi/raw_data',)
[2017-09-13 21:08:02,206] multiqc.modules.kallisto.kallisto                  [DEBUG  ]  Could not find any reports in ('/home/mark/gitstage/uderica/nordqiime/Aer_Comp/Aer_Comp_Fungi/raw_data',)
[2017-09-13 21:08:02,208] multiqc.modules.slamdunk.slamdunk                  [DEBUG  ]  No slamdunk reports found.
[2017-09-13 21:08:02,209] multiqc.modules.star.star                          [DEBUG  ]  Could not find any reports in ('/home/mark/gitstage/uderica/nordqiime/Aer_Comp/Aer_Comp_Fungi/raw_data',)
[2017-09-13 21:08:02,210] multiqc.modules.hisat2.hisat2                      [DEBUG  ]  Could not find any reports in ('/home/mark/gitstage/uderica/nordqiime/Aer_Comp/Aer_Comp_Fungi/raw_data',)
[2017-09-13 21:08:02,212] multiqc.modules.tophat.tophat                      [DEBUG  ]  Could not find any reports in ('/home/mark/gitstage/uderica/nordqiime/Aer_Comp/Aer_Comp_Fungi/raw_data',)
[2017-09-13 21:08:02,213] multiqc.modules.bowtie2.bowtie2                    [DEBUG  ]  Could not find any reports in ('/home/mark/gitstage/uderica/nordqiime/Aer_Comp/Aer_Comp_Fungi/raw_data',)
[2017-09-13 21:08:02,214] multiqc.modules.bowtie1.bowtie1                    [DEBUG  ]  Could not find any reports in ('/home/mark/gitstage/uderica/nordqiime/Aer_Comp/Aer_Comp_Fungi/raw_data',)
[2017-09-13 21:08:02,216] multiqc.modules.adapterRemoval.adapterRemoval      [DEBUG  ]  Could not find any reports in ('/home/mark/gitstage/uderica/nordqiime/Aer_Comp/Aer_Comp_Fungi/raw_data',)
[2017-09-13 21:08:02,217] multiqc.modules.cutadapt.cutadapt                  [DEBUG  ]  Could not find any reports in ('/home/mark/gitstage/uderica/nordqiime/Aer_Comp/Aer_Comp_Fungi/raw_data',)
[2017-09-13 21:08:02,218] multiqc.modules.flexbar.flexbar                    [DEBUG  ]  Could not find any Flexbar data in ('/home/mark/gitstage/uderica/nordqiime/Aer_Comp/Aer_Comp_Fungi/raw_data',)
[2017-09-13 21:08:02,220] multiqc.modules.trimmomatic.trimmomatic            [DEBUG  ]  Could not find any Trimmomatic data in ('/home/mark/gitstage/uderica/nordqiime/Aer_Comp/Aer_Comp_Fungi/raw_data',)
[2017-09-13 21:08:02,221] multiqc.modules.skewer.skewer                      [DEBUG  ]  Could not find any data in ('/home/mark/gitstage/uderica/nordqiime/Aer_Comp/Aer_Comp_Fungi/raw_data',)
[2017-09-13 21:08:02,223] multiqc.modules.sortmerna.sortmerna                [DEBUG  ]  Could not find any SortMeRNA data in ('/home/mark/gitstage/uderica/nordqiime/Aer_Comp/Aer_Comp_Fungi/raw_data',)
[2017-09-13 21:08:02,224] multiqc.modules.biobloomtools.biobloomtools        [DEBUG  ]  Could not find any reports in ('/home/mark/gitstage/uderica/nordqiime/Aer_Comp/Aer_Comp_Fungi/raw_data',)
[2017-09-13 21:08:02,226] multiqc.modules.fastq_screen.fastq_screen          [DEBUG  ]  Could not find any reports in ('/home/mark/gitstage/uderica/nordqiime/Aer_Comp/Aer_Comp_Fungi/raw_data',)
[2017-09-13 21:08:05,004] multiqc.modules.fastqc.fastqc                      [INFO   ]  Found 56 reports
[2017-09-13 21:08:08,982] multiqc.modules.clusterflow.clusterflow            [DEBUG  ]  Could not find any reports in ('/home/mark/gitstage/uderica/nordqiime/Aer_Comp/Aer_Comp_Fungi/raw_data',)
[2017-09-13 21:08:09,048] multiqc                                            [INFO   ]  Compressing plot data
[2017-09-13 21:08:12,491] multiqc                                            [INFO   ]  Report      : Aer_Comp/Aer_Comp_Fungi/raw_data/multiqc_report.html
[2017-09-13 21:08:12,491] multiqc                                            [INFO   ]  Data        : Aer_Comp/Aer_Comp_Fungi/raw_data/multiqc_data
[2017-09-13 21:08:12,493] multiqc                                            [DEBUG  ]  Moving data file from '/tmp/tmpCzqPNF/multiqc_data/multiqc_general_stats.txt' to '/home/mark/gitstage/uderica/nordqiime/Aer_Comp/Aer_Comp_Fungi/raw_data/multiqc_data'
[2017-09-13 21:08:12,493] multiqc                                            [DEBUG  ]  Moving data file from '/tmp/tmpCzqPNF/multiqc_data/multiqc_sources.txt' to '/home/mark/gitstage/uderica/nordqiime/Aer_Comp/Aer_Comp_Fungi/raw_data/multiqc_data'
[2017-09-13 21:08:12,493] multiqc                                            [DEBUG  ]  Moving data file from '/tmp/tmpCzqPNF/multiqc_data/multiqc_fastqc.txt' to '/home/mark/gitstage/uderica/nordqiime/Aer_Comp/Aer_Comp_Fungi/raw_data/multiqc_data'
[2017-09-13 21:08:12,600] multiqc                                            [INFO   ]  MultiQC complete
