OtuPicker parameters:
Application:uclust
Similarity:0.97
chimeras_retention:union
enable_rev_strand_matching:True
exact:False
max_accepts:1
max_rejects:8
new_cluster_identifier:denovo
next_new_cluster_number:1
optimal:False
output_dir:/home/mark/gitstage/uderica/nordqiime/Lal_Stress/Silva_5101Raw05052017/Fungi/raw_data/pick//step3_otus/POTU_tHRt_
prefilter_identical_sequences:True
presort_by_abundance:True
save_uc_files:True
stable_sort:True
stepwords:8
suppress_new_clusters:True
suppress_sort:True
word_length:8
Reference seqs:/home/mark/gitstage/uderica/nordqiime/Lal_Stress/Silva_5101Raw05052017/Fungi/raw_data/pick/step2_otus/step2_rep_set.fna
Num OTUs:30
Num new OTUs:0
Num failures:4268
Result path: /home/mark/gitstage/uderica/nordqiime/Lal_Stress/Silva_5101Raw05052017/Fungi/raw_data/pick//step3_otus/POTU_tHRt_/POTU_tHRt_.0_otus.txt
OtuPicker parameters:
Application:uclust
Similarity:0.97
chimeras_retention:union
enable_rev_strand_matching:True
exact:False
max_accepts:1
max_rejects:8
new_cluster_identifier:denovo
next_new_cluster_number:1
optimal:False
output_dir:/home/mark/gitstage/uderica/nordqiime/Lal_Stress/Silva_5101Raw05052017/Fungi/raw_data/pick//step3_otus/POTU_tHRt_
prefilter_identical_sequences:True
presort_by_abundance:True
save_uc_files:True
stable_sort:True
stepwords:8
suppress_new_clusters:True
suppress_sort:True
word_length:8
Reference seqs:/home/mark/gitstage/uderica/nordqiime/Lal_Stress/Silva_5101Raw05052017/Fungi/raw_data/pick/step2_otus/step2_rep_set.fna
Num OTUs:11
Num new OTUs:0
Num failures:351
Result path: /home/mark/gitstage/uderica/nordqiime/Lal_Stress/Silva_5101Raw05052017/Fungi/raw_data/pick//step3_otus/POTU_tHRt_/POTU_tHRt_.1_otus.txt
OtuPicker parameters:
Application:uclust
Similarity:0.97
chimeras_retention:union
enable_rev_strand_matching:True
exact:False
max_accepts:1
max_rejects:8
new_cluster_identifier:denovo
next_new_cluster_number:1
optimal:False
output_dir:/home/mark/gitstage/uderica/nordqiime/Lal_Stress/Silva_5101Raw05052017/Fungi/raw_data/pick//step3_otus/POTU_tHRt_
prefilter_identical_sequences:True
presort_by_abundance:True
save_uc_files:True
stable_sort:True
stepwords:8
suppress_new_clusters:True
suppress_sort:True
word_length:8
Reference seqs:/home/mark/gitstage/uderica/nordqiime/Lal_Stress/Silva_5101Raw05052017/Fungi/raw_data/pick/step2_otus/step2_rep_set.fna
Num OTUs:13
Num new OTUs:0
Num failures:754
Result path: /home/mark/gitstage/uderica/nordqiime/Lal_Stress/Silva_5101Raw05052017/Fungi/raw_data/pick//step3_otus/POTU_tHRt_/POTU_tHRt_.2_otus.txt
OtuPicker parameters:
Application:uclust
Similarity:0.97
chimeras_retention:union
enable_rev_strand_matching:True
exact:False
max_accepts:1
max_rejects:8
new_cluster_identifier:denovo
next_new_cluster_number:1
optimal:False
output_dir:/home/mark/gitstage/uderica/nordqiime/Lal_Stress/Silva_5101Raw05052017/Fungi/raw_data/pick//step3_otus/POTU_tHRt_
prefilter_identical_sequences:True
presort_by_abundance:True
save_uc_files:True
stable_sort:True
stepwords:8
suppress_new_clusters:True
suppress_sort:True
word_length:8
Reference seqs:/home/mark/gitstage/uderica/nordqiime/Lal_Stress/Silva_5101Raw05052017/Fungi/raw_data/pick/step2_otus/step2_rep_set.fna
Num OTUs:13
Num new OTUs:0
Num failures:620
Result path: /home/mark/gitstage/uderica/nordqiime/Lal_Stress/Silva_5101Raw05052017/Fungi/raw_data/pick//step3_otus/POTU_tHRt_/POTU_tHRt_.3_otus.txt
OtuPicker parameters:
Application:uclust
Similarity:0.97
chimeras_retention:union
enable_rev_strand_matching:True
exact:False
max_accepts:1
max_rejects:8
new_cluster_identifier:denovo
next_new_cluster_number:1
optimal:False
output_dir:/home/mark/gitstage/uderica/nordqiime/Lal_Stress/Silva_5101Raw05052017/Fungi/raw_data/pick//step3_otus/POTU_tHRt_
prefilter_identical_sequences:True
presort_by_abundance:True
save_uc_files:True
stable_sort:True
stepwords:8
suppress_new_clusters:True
suppress_sort:True
word_length:8
Reference seqs:/home/mark/gitstage/uderica/nordqiime/Lal_Stress/Silva_5101Raw05052017/Fungi/raw_data/pick/step2_otus/step2_rep_set.fna
Num OTUs:19
Num new OTUs:0
Num failures:1922
Result path: /home/mark/gitstage/uderica/nordqiime/Lal_Stress/Silva_5101Raw05052017/Fungi/raw_data/pick//step3_otus/POTU_tHRt_/POTU_tHRt_.4_otus.txt
OtuPicker parameters:
Application:uclust
Similarity:0.97
chimeras_retention:union
enable_rev_strand_matching:True
exact:False
max_accepts:1
max_rejects:8
new_cluster_identifier:denovo
next_new_cluster_number:1
optimal:False
output_dir:/home/mark/gitstage/uderica/nordqiime/Lal_Stress/Silva_5101Raw05052017/Fungi/raw_data/pick//step3_otus/POTU_tHRt_
prefilter_identical_sequences:True
presort_by_abundance:True
save_uc_files:True
stable_sort:True
stepwords:8
suppress_new_clusters:True
suppress_sort:True
word_length:8
Reference seqs:/home/mark/gitstage/uderica/nordqiime/Lal_Stress/Silva_5101Raw05052017/Fungi/raw_data/pick/step2_otus/step2_rep_set.fna
Num OTUs:36
Num new OTUs:0
Num failures:3648
Result path: /home/mark/gitstage/uderica/nordqiime/Lal_Stress/Silva_5101Raw05052017/Fungi/raw_data/pick//step3_otus/POTU_tHRt_/POTU_tHRt_.5_otus.txt
OtuPicker parameters:
Application:uclust
Similarity:0.97
chimeras_retention:union
enable_rev_strand_matching:True
exact:False
max_accepts:1
max_rejects:8
new_cluster_identifier:denovo
next_new_cluster_number:1
optimal:False
output_dir:/home/mark/gitstage/uderica/nordqiime/Lal_Stress/Silva_5101Raw05052017/Fungi/raw_data/pick//step3_otus/POTU_tHRt_
prefilter_identical_sequences:True
presort_by_abundance:True
save_uc_files:True
stable_sort:True
stepwords:8
suppress_new_clusters:True
suppress_sort:True
word_length:8
Reference seqs:/home/mark/gitstage/uderica/nordqiime/Lal_Stress/Silva_5101Raw05052017/Fungi/raw_data/pick/step2_otus/step2_rep_set.fna
Num OTUs:34
Num new OTUs:0
Num failures:3062
Result path: /home/mark/gitstage/uderica/nordqiime/Lal_Stress/Silva_5101Raw05052017/Fungi/raw_data/pick//step3_otus/POTU_tHRt_/POTU_tHRt_.6_otus.txt
